<?xml version="1.0" encoding="UTF-8"?>
<testsuite name="com.boot.practice.springAwsExample.web.IndexControllerTest" tests="1" skipped="0" failures="0" errors="0" timestamp="2021-05-25T14:08:58" hostname="DESKTOP-N959E0E" time="0.175">
  <properties/>
  <testcase name="메인페이지_로딩" classname="com.boot.practice.springAwsExample.web.IndexControllerTest" time="0.175"/>
  <system-out><![CDATA[2021-05-25 23:08:55.692  INFO 24292 --- [    Test worker] .b.t.c.SpringBootTestContextBootstrapper : Neither @ContextConfiguration nor @ContextHierarchy found for test class [com.boot.practice.springAwsExample.web.IndexControllerTest], using SpringBootContextLoader
2021-05-25 23:08:55.693  INFO 24292 --- [    Test worker] o.s.t.c.support.AbstractContextLoader    : Could not detect default resource locations for test class [com.boot.practice.springAwsExample.web.IndexControllerTest]: no resource found for suffixes {-context.xml, Context.groovy}.
2021-05-25 23:08:55.693  INFO 24292 --- [    Test worker] t.c.s.AnnotationConfigContextLoaderUtils : Could not detect default configuration classes for test class [com.boot.practice.springAwsExample.web.IndexControllerTest]: IndexControllerTest does not declare any static, non-private, non-final, nested classes annotated with @Configuration.
2021-05-25 23:08:55.695  INFO 24292 --- [    Test worker] .b.t.c.SpringBootTestContextBootstrapper : Found @SpringBootConfiguration com.boot.practice.springAwsExample.Application for test class com.boot.practice.springAwsExample.web.IndexControllerTest
2021-05-25 23:08:55.696  INFO 24292 --- [    Test worker] .b.t.c.SpringBootTestContextBootstrapper : Loaded default TestExecutionListener class names from location [META-INF/spring.factories]: [org.springframework.security.test.context.support.WithSecurityContextTestExecutionListener, org.springframework.security.test.context.support.ReactorContextTestExecutionListener, org.springframework.boot.test.autoconfigure.restdocs.RestDocsTestExecutionListener, org.springframework.boot.test.autoconfigure.web.client.MockRestServiceServerResetTestExecutionListener, org.springframework.boot.test.autoconfigure.web.servlet.MockMvcPrintOnlyOnFailureTestExecutionListener, org.springframework.boot.test.autoconfigure.web.servlet.WebDriverTestExecutionListener, org.springframework.boot.test.mock.mockito.MockitoTestExecutionListener, org.springframework.boot.test.mock.mockito.ResetMocksTestExecutionListener, org.springframework.test.context.web.ServletTestExecutionListener, org.springframework.test.context.support.DirtiesContextBeforeModesTestExecutionListener, org.springframework.test.context.support.DependencyInjectionTestExecutionListener, org.springframework.test.context.support.DirtiesContextTestExecutionListener, org.springframework.test.context.transaction.TransactionalTestExecutionListener, org.springframework.test.context.jdbc.SqlScriptsTestExecutionListener]
2021-05-25 23:08:55.697  INFO 24292 --- [    Test worker] .b.t.c.SpringBootTestContextBootstrapper : Using TestExecutionListeners: [org.springframework.test.context.web.ServletTestExecutionListener@2f8a5cfc, org.springframework.test.context.support.DirtiesContextBeforeModesTestExecutionListener@4713f4d1, org.springframework.boot.test.mock.mockito.MockitoTestExecutionListener@6b5c784e, org.springframework.boot.test.autoconfigure.SpringBootDependencyInjectionTestExecutionListener@235b1e20, org.springframework.test.context.support.DirtiesContextTestExecutionListener@5ecbcb0b, org.springframework.test.context.transaction.TransactionalTestExecutionListener@6a6197f, org.springframework.test.context.jdbc.SqlScriptsTestExecutionListener@e308fed, org.springframework.security.test.context.support.WithSecurityContextTestExecutionListener@75613a15, org.springframework.security.test.context.support.ReactorContextTestExecutionListener@75722421, org.springframework.boot.test.autoconfigure.restdocs.RestDocsTestExecutionListener@4329a611, org.springframework.boot.test.autoconfigure.web.client.MockRestServiceServerResetTestExecutionListener@49ec067e, org.springframework.boot.test.autoconfigure.web.servlet.MockMvcPrintOnlyOnFailureTestExecutionListener@35a13cc4, org.springframework.boot.test.autoconfigure.web.servlet.WebDriverTestExecutionListener@5116457d, org.springframework.boot.test.mock.mockito.ResetMocksTestExecutionListener@5f016860]

  .   ____          _            __ _ _
 /\\ / ___'_ __ _ _(_)_ __  __ _ \ \ \ \
( ( )\___ | '_ | '_| | '_ \/ _` | \ \ \ \
 \\/  ___)| |_)| | | | | || (_| |  ) ) ) )
  '  |____| .__|_| |_|_| |_\__, | / / / /
 =========|_|==============|___/=/_/_/_/
 :: Spring Boot ::        (v2.1.7.RELEASE)

2021-05-25 23:08:55.742  INFO 24292 --- [    Test worker] c.b.p.s.web.IndexControllerTest          : Starting IndexControllerTest on DESKTOP-N959E0E with PID 24292 (started by qhxma in C:\Users\qhxma\Project\Spring_Project\springAwsExample)
2021-05-25 23:08:55.742  INFO 24292 --- [    Test worker] c.b.p.s.web.IndexControllerTest          : No active profile set, falling back to default profiles: default
2021-05-25 23:08:56.031  INFO 24292 --- [    Test worker] .s.d.r.c.RepositoryConfigurationDelegate : Bootstrapping Spring Data repositories in DEFAULT mode.
2021-05-25 23:08:56.066  INFO 24292 --- [    Test worker] .s.d.r.c.RepositoryConfigurationDelegate : Finished Spring Data repository scanning in 34ms. Found 2 repository interfaces.
2021-05-25 23:08:56.185  INFO 24292 --- [    Test worker] trationDelegate$BeanPostProcessorChecker : Bean 'org.springframework.transaction.annotation.ProxyTransactionManagementConfiguration' of type [org.springframework.transaction.annotation.ProxyTransactionManagementConfiguration$$EnhancerBySpringCGLIB$$a8d98a1] is not eligible for getting processed by all BeanPostProcessors (for example: not eligible for auto-proxying)
2021-05-25 23:08:56.520  INFO 24292 --- [    Test worker] o.s.b.w.embedded.tomcat.TomcatWebServer  : Tomcat initialized with port(s): 0 (http)
2021-05-25 23:08:56.562  INFO 24292 --- [    Test worker] o.apache.catalina.core.StandardService   : Starting service [Tomcat]
2021-05-25 23:08:56.563  INFO 24292 --- [    Test worker] org.apache.catalina.core.StandardEngine  : Starting Servlet engine: [Apache Tomcat/9.0.22]
2021-05-25 23:08:56.780  INFO 24292 --- [    Test worker] o.a.c.c.C.[Tomcat].[localhost].[/]       : Initializing Spring embedded WebApplicationContext
2021-05-25 23:08:56.780  INFO 24292 --- [    Test worker] o.s.web.context.ContextLoader            : Root WebApplicationContext: initialization completed in 1035 ms
2021-05-25 23:08:57.004  INFO 24292 --- [    Test worker] com.zaxxer.hikari.HikariDataSource       : HikariPool-2 - Starting...
2021-05-25 23:08:57.005  INFO 24292 --- [    Test worker] com.zaxxer.hikari.HikariDataSource       : HikariPool-2 - Start completed.
2021-05-25 23:08:57.053  INFO 24292 --- [    Test worker] o.hibernate.jpa.internal.util.LogHelper  : HHH000204: Processing PersistenceUnitInfo [
	name: default
	...]
2021-05-25 23:08:57.086  INFO 24292 --- [    Test worker] org.hibernate.dialect.Dialect            : HHH000400: Using dialect: org.hibernate.dialect.MySQL5InnoDBDialect
Hibernate: drop table if exists posts
Hibernate: drop table if exists user
Hibernate: create table posts (id bigint not null auto_increment, create_date datetime, modified_date datetime, author varchar(255), content TEXT not null, title varchar(500) not null, primary key (id)) engine=InnoDB
Hibernate: create table user (id bigint not null auto_increment, create_date datetime, modified_date datetime, email varchar(255) not null, name varchar(255) not null, picture varchar(255), role varchar(255) not null, primary key (id)) engine=InnoDB
2021-05-25 23:08:57.148  INFO 24292 --- [    Test worker] o.h.t.schema.internal.SchemaCreatorImpl  : HHH000476: Executing import script 'org.hibernate.tool.schema.internal.exec.ScriptSourceInputNonExistentImpl@5972cf46'
2021-05-25 23:08:57.148  INFO 24292 --- [    Test worker] j.LocalContainerEntityManagerFactoryBean : Initialized JPA EntityManagerFactory for persistence unit 'default'
2021-05-25 23:08:57.489  INFO 24292 --- [    Test worker] o.h.h.i.QueryTranslatorFactoryInitiator  : HHH000397: Using ASTQueryTranslatorFactory
2021-05-25 23:08:57.641  INFO 24292 --- [    Test worker] o.s.s.web.DefaultSecurityFilterChain     : Creating filter chain: any request, [org.springframework.security.web.context.request.async.WebAsyncManagerIntegrationFilter@65e76c4f, org.springframework.security.web.context.SecurityContextPersistenceFilter@4f22c17e, org.springframework.security.web.header.HeaderWriterFilter@49709e72, org.springframework.security.web.authentication.logout.LogoutFilter@395f2775, org.springframework.security.oauth2.client.web.OAuth2AuthorizationRequestRedirectFilter@44307f9c, org.springframework.security.oauth2.client.web.OAuth2LoginAuthenticationFilter@63fb916b, org.springframework.security.web.authentication.ui.DefaultLoginPageGeneratingFilter@602f333f, org.springframework.security.web.authentication.ui.DefaultLogoutPageGeneratingFilter@2fe155e6, org.springframework.security.web.savedrequest.RequestCacheAwareFilter@456a639d, org.springframework.security.web.servletapi.SecurityContextHolderAwareRequestFilter@8a4e64c, org.springframework.security.web.authentication.AnonymousAuthenticationFilter@68ea1319, org.springframework.security.web.session.SessionManagementFilter@2559b750, org.springframework.security.web.access.ExceptionTranslationFilter@668d99ee, org.springframework.security.web.access.intercept.FilterSecurityInterceptor@7607897c]
2021-05-25 23:08:57.830  INFO 24292 --- [    Test worker] o.s.s.concurrent.ThreadPoolTaskExecutor  : Initializing ExecutorService 'applicationTaskExecutor'
2021-05-25 23:08:57.841  WARN 24292 --- [    Test worker] aWebConfiguration$JpaWebMvcConfiguration : spring.jpa.open-in-view is enabled by default. Therefore, database queries may be performed during view rendering. Explicitly configure spring.jpa.open-in-view to disable this warning
2021-05-25 23:08:57.866  INFO 24292 --- [    Test worker] o.s.b.a.w.s.WelcomePageHandlerMapping    : Adding welcome page template: index
2021-05-25 23:08:58.129  INFO 24292 --- [    Test worker] s.a.ScheduledAnnotationBeanPostProcessor : No TaskScheduler/ScheduledExecutorService bean found for scheduled processing
2021-05-25 23:08:58.150  INFO 24292 --- [    Test worker] o.s.b.w.embedded.tomcat.TomcatWebServer  : Tomcat started on port(s): 1470 (http) with context path ''
2021-05-25 23:08:58.151  INFO 24292 --- [    Test worker] c.b.p.s.web.IndexControllerTest          : Started IndexControllerTest in 2.452 seconds (JVM running for 14.294)
2021-05-25 23:08:58.235  INFO 24292 --- [o-auto-1-exec-1] o.a.c.c.C.[Tomcat].[localhost].[/]       : Initializing Spring DispatcherServlet 'dispatcherServlet'
2021-05-25 23:08:58.236  INFO 24292 --- [o-auto-1-exec-1] o.s.web.servlet.DispatcherServlet        : Initializing Servlet 'dispatcherServlet'
2021-05-25 23:08:58.254  INFO 24292 --- [o-auto-1-exec-1] o.s.web.servlet.DispatcherServlet        : Completed initialization in 18 ms
Hibernate: select posts0_.id as id1_0_, posts0_.create_date as create_d2_0_, posts0_.modified_date as modified3_0_, posts0_.author as author4_0_, posts0_.content as content5_0_, posts0_.title as title6_0_ from posts posts0_ order by posts0_.id DESC
]]></system-out>
  <system-err><![CDATA[]]></system-err>
</testsuite>
