<?xml version="1.0" encoding="UTF-8"?>
<testsuite name="com.boot.practice.springAwsExample.domain.posts.PostsRepositoryTest" tests="1" skipped="0" failures="0" errors="0" timestamp="2021-05-20T16:16:37" hostname="DESKTOP-N959E0E" time="0.276">
  <properties/>
  <testcase name="게시글저장_불러오기" classname="com.boot.practice.springAwsExample.domain.posts.PostsRepositoryTest" time="0.276"/>
  <system-out><![CDATA[2021-05-21 01:16:31.650  INFO 27860 --- [    Test worker] .b.t.c.SpringBootTestContextBootstrapper : Neither @ContextConfiguration nor @ContextHierarchy found for test class [com.boot.practice.springAwsExample.domain.posts.PostsRepositoryTest], using SpringBootContextLoader
2021-05-21 01:16:31.651  INFO 27860 --- [    Test worker] o.s.t.c.support.AbstractContextLoader    : Could not detect default resource locations for test class [com.boot.practice.springAwsExample.domain.posts.PostsRepositoryTest]: no resource found for suffixes {-context.xml, Context.groovy}.
2021-05-21 01:16:31.652  INFO 27860 --- [    Test worker] t.c.s.AnnotationConfigContextLoaderUtils : Could not detect default configuration classes for test class [com.boot.practice.springAwsExample.domain.posts.PostsRepositoryTest]: PostsRepositoryTest does not declare any static, non-private, non-final, nested classes annotated with @Configuration.
2021-05-21 01:16:31.672  INFO 27860 --- [    Test worker] .b.t.c.SpringBootTestContextBootstrapper : Found @SpringBootConfiguration com.boot.practice.springAwsExample.Application for test class com.boot.practice.springAwsExample.domain.posts.PostsRepositoryTest
2021-05-21 01:16:31.677  INFO 27860 --- [    Test worker] .b.t.c.SpringBootTestContextBootstrapper : Loaded default TestExecutionListener class names from location [META-INF/spring.factories]: [org.springframework.security.test.context.support.WithSecurityContextTestExecutionListener, org.springframework.security.test.context.support.ReactorContextTestExecutionListener, org.springframework.boot.test.autoconfigure.restdocs.RestDocsTestExecutionListener, org.springframework.boot.test.autoconfigure.web.client.MockRestServiceServerResetTestExecutionListener, org.springframework.boot.test.autoconfigure.web.servlet.MockMvcPrintOnlyOnFailureTestExecutionListener, org.springframework.boot.test.autoconfigure.web.servlet.WebDriverTestExecutionListener, org.springframework.boot.test.mock.mockito.MockitoTestExecutionListener, org.springframework.boot.test.mock.mockito.ResetMocksTestExecutionListener, org.springframework.test.context.web.ServletTestExecutionListener, org.springframework.test.context.support.DirtiesContextBeforeModesTestExecutionListener, org.springframework.test.context.support.DependencyInjectionTestExecutionListener, org.springframework.test.context.support.DirtiesContextTestExecutionListener, org.springframework.test.context.transaction.TransactionalTestExecutionListener, org.springframework.test.context.jdbc.SqlScriptsTestExecutionListener]
2021-05-21 01:16:31.677  INFO 27860 --- [    Test worker] .b.t.c.SpringBootTestContextBootstrapper : Using TestExecutionListeners: [org.springframework.test.context.web.ServletTestExecutionListener@76cec905, org.springframework.test.context.support.DirtiesContextBeforeModesTestExecutionListener@7afeb0a5, org.springframework.boot.test.mock.mockito.MockitoTestExecutionListener@6d7f3180, org.springframework.boot.test.autoconfigure.SpringBootDependencyInjectionTestExecutionListener@6d9416ef, org.springframework.test.context.support.DirtiesContextTestExecutionListener@6d927cb9, org.springframework.test.context.transaction.TransactionalTestExecutionListener@62e68236, org.springframework.test.context.jdbc.SqlScriptsTestExecutionListener@76815cdb, org.springframework.security.test.context.support.WithSecurityContextTestExecutionListener@3b6f1f8a, org.springframework.security.test.context.support.ReactorContextTestExecutionListener@4566cbea, org.springframework.boot.test.autoconfigure.restdocs.RestDocsTestExecutionListener@13471642, org.springframework.boot.test.autoconfigure.web.client.MockRestServiceServerResetTestExecutionListener@6f5cf775, org.springframework.boot.test.autoconfigure.web.servlet.MockMvcPrintOnlyOnFailureTestExecutionListener@2c0c265b, org.springframework.boot.test.autoconfigure.web.servlet.WebDriverTestExecutionListener@5fc691ab, org.springframework.boot.test.mock.mockito.ResetMocksTestExecutionListener@74186917]

  .   ____          _            __ _ _
 /\\ / ___'_ __ _ _(_)_ __  __ _ \ \ \ \
( ( )\___ | '_ | '_| | '_ \/ _` | \ \ \ \
 \\/  ___)| |_)| | | | | || (_| |  ) ) ) )
  '  |____| .__|_| |_|_| |_\__, | / / / /
 =========|_|==============|___/=/_/_/_/
 :: Spring Boot ::        (v2.1.7.RELEASE)

2021-05-21 01:16:31.718  INFO 27860 --- [    Test worker] c.b.p.s.d.posts.PostsRepositoryTest      : Starting PostsRepositoryTest on DESKTOP-N959E0E with PID 27860 (started by qhxma in C:\Users\qhxma\Project\Spring_Project\springAwsExample)
2021-05-21 01:16:31.718  INFO 27860 --- [    Test worker] c.b.p.s.d.posts.PostsRepositoryTest      : No active profile set, falling back to default profiles: default
2021-05-21 01:16:32.315  INFO 27860 --- [    Test worker] .s.d.r.c.RepositoryConfigurationDelegate : Bootstrapping Spring Data repositories in DEFAULT mode.
2021-05-21 01:16:32.446  INFO 27860 --- [    Test worker] .s.d.r.c.RepositoryConfigurationDelegate : Finished Spring Data repository scanning in 117ms. Found 2 repository interfaces.
2021-05-21 01:16:32.849  INFO 27860 --- [    Test worker] trationDelegate$BeanPostProcessorChecker : Bean 'org.springframework.transaction.annotation.ProxyTransactionManagementConfiguration' of type [org.springframework.transaction.annotation.ProxyTransactionManagementConfiguration$$EnhancerBySpringCGLIB$$ff0fd24b] is not eligible for getting processed by all BeanPostProcessors (for example: not eligible for auto-proxying)
2021-05-21 01:16:33.107  INFO 27860 --- [    Test worker] com.zaxxer.hikari.HikariDataSource       : HikariPool-1 - Starting...
2021-05-21 01:16:33.394  INFO 27860 --- [    Test worker] com.zaxxer.hikari.HikariDataSource       : HikariPool-1 - Start completed.
2021-05-21 01:16:33.547  INFO 27860 --- [    Test worker] o.hibernate.jpa.internal.util.LogHelper  : HHH000204: Processing PersistenceUnitInfo [
	name: default
	...]
2021-05-21 01:16:33.692  INFO 27860 --- [    Test worker] org.hibernate.Version                    : HHH000412: Hibernate Core {5.3.10.Final}
2021-05-21 01:16:33.696  INFO 27860 --- [    Test worker] org.hibernate.cfg.Environment            : HHH000206: hibernate.properties not found
2021-05-21 01:16:33.792  INFO 27860 --- [    Test worker] o.hibernate.annotations.common.Version   : HCANN000001: Hibernate Commons Annotations {5.0.4.Final}
2021-05-21 01:16:34.090  INFO 27860 --- [    Test worker] org.hibernate.dialect.Dialect            : HHH000400: Using dialect: org.hibernate.dialect.MySQL5InnoDBDialect
Hibernate: drop table if exists posts
Hibernate: drop table if exists user
Hibernate: create table posts (id bigint not null auto_increment, create_date datetime, modified_date datetime, author varchar(255), content TEXT not null, title varchar(500) not null, primary key (id)) engine=InnoDB
Hibernate: create table user (id bigint not null auto_increment, create_date datetime, modified_date datetime, email varchar(255) not null, name varchar(255) not null, picture varchar(255), role varchar(255) not null, primary key (id)) engine=InnoDB
2021-05-21 01:16:35.005  INFO 27860 --- [    Test worker] o.h.t.schema.internal.SchemaCreatorImpl  : HHH000476: Executing import script 'org.hibernate.tool.schema.internal.exec.ScriptSourceInputNonExistentImpl@5a3416e7'
2021-05-21 01:16:35.009  INFO 27860 --- [    Test worker] j.LocalContainerEntityManagerFactoryBean : Initialized JPA EntityManagerFactory for persistence unit 'default'
2021-05-21 01:16:35.721  INFO 27860 --- [    Test worker] o.h.h.i.QueryTranslatorFactoryInitiator  : HHH000397: Using ASTQueryTranslatorFactory
2021-05-21 01:16:36.213  INFO 27860 --- [    Test worker] o.s.s.web.DefaultSecurityFilterChain     : Creating filter chain: any request, [org.springframework.security.web.context.request.async.WebAsyncManagerIntegrationFilter@62cc1adb, org.springframework.security.web.context.SecurityContextPersistenceFilter@71b4b362, org.springframework.security.web.header.HeaderWriterFilter@35a3f87b, org.springframework.security.web.authentication.logout.LogoutFilter@1100e305, org.springframework.security.oauth2.client.web.OAuth2AuthorizationRequestRedirectFilter@725c830a, org.springframework.security.oauth2.client.web.OAuth2LoginAuthenticationFilter@2ee8f8f5, org.springframework.security.web.authentication.ui.DefaultLoginPageGeneratingFilter@457b676b, org.springframework.security.web.authentication.ui.DefaultLogoutPageGeneratingFilter@2cf5bf1b, org.springframework.security.web.savedrequest.RequestCacheAwareFilter@33ae8c4a, org.springframework.security.web.servletapi.SecurityContextHolderAwareRequestFilter@1964da64, org.springframework.security.web.authentication.AnonymousAuthenticationFilter@5f69d58d, org.springframework.security.web.session.SessionManagementFilter@342d0dde, org.springframework.security.web.access.ExceptionTranslationFilter@58534167, org.springframework.security.web.access.intercept.FilterSecurityInterceptor@43cea7fc]
2021-05-21 01:16:36.753  INFO 27860 --- [    Test worker] o.s.s.concurrent.ThreadPoolTaskExecutor  : Initializing ExecutorService 'applicationTaskExecutor'
2021-05-21 01:16:36.773  WARN 27860 --- [    Test worker] aWebConfiguration$JpaWebMvcConfiguration : spring.jpa.open-in-view is enabled by default. Therefore, database queries may be performed during view rendering. Explicitly configure spring.jpa.open-in-view to disable this warning
2021-05-21 01:16:36.821  INFO 27860 --- [    Test worker] o.s.b.a.w.s.WelcomePageHandlerMapping    : Adding welcome page template: index
2021-05-21 01:16:37.531  INFO 27860 --- [    Test worker] s.a.ScheduledAnnotationBeanPostProcessor : No TaskScheduler/ScheduledExecutorService bean found for scheduled processing
2021-05-21 01:16:37.542  INFO 27860 --- [    Test worker] c.b.p.s.d.posts.PostsRepositoryTest      : Started PostsRepositoryTest in 5.863 seconds (JVM running for 13.812)
Hibernate: insert into posts (create_date, modified_date, author, content, title) values (?, ?, ?, ?, ?)
Hibernate: select posts0_.id as id1_0_, posts0_.create_date as create_d2_0_, posts0_.modified_date as modified3_0_, posts0_.author as author4_0_, posts0_.content as content5_0_, posts0_.title as title6_0_ from posts posts0_
Hibernate: select posts0_.id as id1_0_, posts0_.create_date as create_d2_0_, posts0_.modified_date as modified3_0_, posts0_.author as author4_0_, posts0_.content as content5_0_, posts0_.title as title6_0_ from posts posts0_
Hibernate: delete from posts where id=?
]]></system-out>
  <system-err><![CDATA[]]></system-err>
</testsuite>
