<?xml version="1.0" encoding="UTF-8"?>
<testsuite name="com.boot.practice.springAwsExample.web.ProfileControllerUnitTest" tests="1" skipped="0" failures="0" errors="0" timestamp="2021-05-27T09:23:37" hostname="DESKTOP-N959E0E" time="0.204">
  <properties/>
  <testcase name="real_profile이_조회된다" classname="com.boot.practice.springAwsExample.web.ProfileControllerUnitTest" time="0.204"/>
  <system-out><![CDATA[18:23:27.086 [Test worker] DEBUG org.springframework.test.context.junit4.SpringJUnit4ClassRunner - SpringJUnit4ClassRunner constructor called with [class com.boot.practice.springAwsExample.web.ProfileControllerUnitTest]
18:23:27.097 [Test worker] DEBUG org.springframework.test.context.BootstrapUtils - Instantiating CacheAwareContextLoaderDelegate from class [org.springframework.test.context.cache.DefaultCacheAwareContextLoaderDelegate]
18:23:27.107 [Test worker] DEBUG org.springframework.test.context.BootstrapUtils - Instantiating BootstrapContext using constructor [public org.springframework.test.context.support.DefaultBootstrapContext(java.lang.Class,org.springframework.test.context.CacheAwareContextLoaderDelegate)]
18:23:27.126 [Test worker] DEBUG org.springframework.test.context.BootstrapUtils - Instantiating TestContextBootstrapper for test class [com.boot.practice.springAwsExample.web.ProfileControllerUnitTest] from class [org.springframework.boot.test.context.SpringBootTestContextBootstrapper]
18:23:27.144 [Test worker] INFO org.springframework.boot.test.context.SpringBootTestContextBootstrapper - Neither @ContextConfiguration nor @ContextHierarchy found for test class [com.boot.practice.springAwsExample.web.ProfileControllerUnitTest], using SpringBootContextLoader
18:23:27.148 [Test worker] DEBUG org.springframework.test.context.support.AbstractContextLoader - Did not detect default resource location for test class [com.boot.practice.springAwsExample.web.ProfileControllerUnitTest]: class path resource [com/boot/practice/springAwsExample/web/ProfileControllerUnitTest-context.xml] does not exist
18:23:27.149 [Test worker] DEBUG org.springframework.test.context.support.AbstractContextLoader - Did not detect default resource location for test class [com.boot.practice.springAwsExample.web.ProfileControllerUnitTest]: class path resource [com/boot/practice/springAwsExample/web/ProfileControllerUnitTestContext.groovy] does not exist
18:23:27.150 [Test worker] INFO org.springframework.test.context.support.AbstractContextLoader - Could not detect default resource locations for test class [com.boot.practice.springAwsExample.web.ProfileControllerUnitTest]: no resource found for suffixes {-context.xml, Context.groovy}.
18:23:27.151 [Test worker] INFO org.springframework.test.context.support.AnnotationConfigContextLoaderUtils - Could not detect default configuration classes for test class [com.boot.practice.springAwsExample.web.ProfileControllerUnitTest]: ProfileControllerUnitTest does not declare any static, non-private, non-final, nested classes annotated with @Configuration.
18:23:27.210 [Test worker] DEBUG org.springframework.test.context.support.ActiveProfilesUtils - Could not find an 'annotation declaring class' for annotation type [org.springframework.test.context.ActiveProfiles] and class [com.boot.practice.springAwsExample.web.ProfileControllerUnitTest]
18:23:27.366 [Test worker] DEBUG org.springframework.context.annotation.ClassPathScanningCandidateComponentProvider - Identified candidate component class: file [C:\Users\qhxma\Project\Spring_Project\springAwsExample\build\classes\java\main\com\boot\practice\springAwsExample\Application.class]
18:23:27.368 [Test worker] INFO org.springframework.boot.test.context.SpringBootTestContextBootstrapper - Found @SpringBootConfiguration com.boot.practice.springAwsExample.Application for test class com.boot.practice.springAwsExample.web.ProfileControllerUnitTest
18:23:27.503 [Test worker] DEBUG org.springframework.boot.test.context.SpringBootTestContextBootstrapper - @TestExecutionListeners is not present for class [com.boot.practice.springAwsExample.web.ProfileControllerUnitTest]: using defaults.
18:23:27.504 [Test worker] INFO org.springframework.boot.test.context.SpringBootTestContextBootstrapper - Loaded default TestExecutionListener class names from location [META-INF/spring.factories]: [org.springframework.security.test.context.support.WithSecurityContextTestExecutionListener, org.springframework.security.test.context.support.ReactorContextTestExecutionListener, org.springframework.boot.test.autoconfigure.restdocs.RestDocsTestExecutionListener, org.springframework.boot.test.autoconfigure.web.client.MockRestServiceServerResetTestExecutionListener, org.springframework.boot.test.autoconfigure.web.servlet.MockMvcPrintOnlyOnFailureTestExecutionListener, org.springframework.boot.test.autoconfigure.web.servlet.WebDriverTestExecutionListener, org.springframework.boot.test.mock.mockito.MockitoTestExecutionListener, org.springframework.boot.test.mock.mockito.ResetMocksTestExecutionListener, org.springframework.test.context.web.ServletTestExecutionListener, org.springframework.test.context.support.DirtiesContextBeforeModesTestExecutionListener, org.springframework.test.context.support.DependencyInjectionTestExecutionListener, org.springframework.test.context.support.DirtiesContextTestExecutionListener, org.springframework.test.context.transaction.TransactionalTestExecutionListener, org.springframework.test.context.jdbc.SqlScriptsTestExecutionListener]
18:23:27.531 [Test worker] INFO org.springframework.boot.test.context.SpringBootTestContextBootstrapper - Using TestExecutionListeners: [org.springframework.test.context.web.ServletTestExecutionListener@4a747ca3, org.springframework.test.context.support.DirtiesContextBeforeModesTestExecutionListener@4caf911, org.springframework.boot.test.mock.mockito.MockitoTestExecutionListener@3dfe0413, org.springframework.boot.test.autoconfigure.SpringBootDependencyInjectionTestExecutionListener@34d6565d, org.springframework.test.context.support.DirtiesContextTestExecutionListener@5daea500, org.springframework.test.context.transaction.TransactionalTestExecutionListener@e7fcdd5, org.springframework.test.context.jdbc.SqlScriptsTestExecutionListener@436c8e95, org.springframework.security.test.context.support.WithSecurityContextTestExecutionListener@458e4c1b, org.springframework.security.test.context.support.ReactorContextTestExecutionListener@6da0670f, org.springframework.boot.test.autoconfigure.restdocs.RestDocsTestExecutionListener@1d410e0b, org.springframework.boot.test.autoconfigure.web.client.MockRestServiceServerResetTestExecutionListener@3afe3310, org.springframework.boot.test.autoconfigure.web.servlet.MockMvcPrintOnlyOnFailureTestExecutionListener@d275ec0, org.springframework.boot.test.autoconfigure.web.servlet.WebDriverTestExecutionListener@6351c874, org.springframework.boot.test.mock.mockito.ResetMocksTestExecutionListener@7675a343]
18:23:27.536 [Test worker] DEBUG org.springframework.test.annotation.ProfileValueUtils - Retrieved @ProfileValueSourceConfiguration [null] for test class [com.boot.practice.springAwsExample.web.ProfileControllerUnitTest]
18:23:27.537 [Test worker] DEBUG org.springframework.test.annotation.ProfileValueUtils - Retrieved ProfileValueSource type [class org.springframework.test.annotation.SystemProfileValueSource] for class [com.boot.practice.springAwsExample.web.ProfileControllerUnitTest]
18:23:27.544 [Test worker] DEBUG org.springframework.test.annotation.ProfileValueUtils - Retrieved @ProfileValueSourceConfiguration [null] for test class [com.boot.practice.springAwsExample.web.ProfileControllerUnitTest]
18:23:27.545 [Test worker] DEBUG org.springframework.test.annotation.ProfileValueUtils - Retrieved ProfileValueSource type [class org.springframework.test.annotation.SystemProfileValueSource] for class [com.boot.practice.springAwsExample.web.ProfileControllerUnitTest]
18:23:27.545 [Test worker] DEBUG org.springframework.test.annotation.ProfileValueUtils - Retrieved @ProfileValueSourceConfiguration [null] for test class [com.boot.practice.springAwsExample.web.ProfileControllerUnitTest]
18:23:27.545 [Test worker] DEBUG org.springframework.test.annotation.ProfileValueUtils - Retrieved ProfileValueSource type [class org.springframework.test.annotation.SystemProfileValueSource] for class [com.boot.practice.springAwsExample.web.ProfileControllerUnitTest]
18:23:27.552 [Test worker] DEBUG org.springframework.test.context.support.AbstractDirtiesContextTestExecutionListener - Before test class: context [DefaultTestContext@569ec1eb testClass = ProfileControllerUnitTest, testInstance = [null], testMethod = [null], testException = [null], mergedContextConfiguration = [WebMergedContextConfiguration@3f84eb50 testClass = ProfileControllerUnitTest, locations = '{}', classes = '{class com.boot.practice.springAwsExample.Application}', contextInitializerClasses = '[]', activeProfiles = '{}', propertySourceLocations = '{}', propertySourceProperties = '{org.springframework.boot.test.context.SpringBootTestContextBootstrapper=true, server.port=0}', contextCustomizers = set[org.springframework.boot.test.autoconfigure.properties.PropertyMappingContextCustomizer@0, org.springframework.boot.test.autoconfigure.web.servlet.WebDriverContextCustomizerFactory$Customizer@4473ccf5, org.springframework.boot.test.context.filter.ExcludeFilterContextCustomizer@506c0067, org.springframework.boot.test.json.DuplicateJsonObjectContextCustomizerFactory$DuplicateJsonObjectContextCustomizer@66f1033b, org.springframework.boot.test.mock.mockito.MockitoContextCustomizer@0, org.springframework.boot.test.web.client.TestRestTemplateContextCustomizer@2bdf2c0a], resourceBasePath = 'src/main/webapp', contextLoader = 'org.springframework.boot.test.context.SpringBootContextLoader', parent = [null]], attributes = map['org.springframework.test.context.web.ServletTestExecutionListener.activateListener' -> false]], class annotated with @DirtiesContext [false] with mode [null].
18:23:27.553 [Test worker] DEBUG org.springframework.test.annotation.ProfileValueUtils - Retrieved @ProfileValueSourceConfiguration [null] for test class [com.boot.practice.springAwsExample.web.ProfileControllerUnitTest]
18:23:27.553 [Test worker] DEBUG org.springframework.test.annotation.ProfileValueUtils - Retrieved ProfileValueSource type [class org.springframework.test.annotation.SystemProfileValueSource] for class [com.boot.practice.springAwsExample.web.ProfileControllerUnitTest]
18:23:27.560 [Test worker] DEBUG org.springframework.test.context.support.DependencyInjectionTestExecutionListener - Performing dependency injection for test context [[DefaultTestContext@569ec1eb testClass = ProfileControllerUnitTest, testInstance = com.boot.practice.springAwsExample.web.ProfileControllerUnitTest@3bdd612a, testMethod = [null], testException = [null], mergedContextConfiguration = [WebMergedContextConfiguration@3f84eb50 testClass = ProfileControllerUnitTest, locations = '{}', classes = '{class com.boot.practice.springAwsExample.Application}', contextInitializerClasses = '[]', activeProfiles = '{}', propertySourceLocations = '{}', propertySourceProperties = '{org.springframework.boot.test.context.SpringBootTestContextBootstrapper=true, server.port=0}', contextCustomizers = set[org.springframework.boot.test.autoconfigure.properties.PropertyMappingContextCustomizer@0, org.springframework.boot.test.autoconfigure.web.servlet.WebDriverContextCustomizerFactory$Customizer@4473ccf5, org.springframework.boot.test.context.filter.ExcludeFilterContextCustomizer@506c0067, org.springframework.boot.test.json.DuplicateJsonObjectContextCustomizerFactory$DuplicateJsonObjectContextCustomizer@66f1033b, org.springframework.boot.test.mock.mockito.MockitoContextCustomizer@0, org.springframework.boot.test.web.client.TestRestTemplateContextCustomizer@2bdf2c0a], resourceBasePath = 'src/main/webapp', contextLoader = 'org.springframework.boot.test.context.SpringBootContextLoader', parent = [null]], attributes = map['org.springframework.test.context.web.ServletTestExecutionListener.activateListener' -> false]]].
18:23:27.589 [Test worker] DEBUG org.springframework.test.context.support.TestPropertySourceUtils - Adding inlined properties to environment: {spring.jmx.enabled=false, org.springframework.boot.test.context.SpringBootTestContextBootstrapper=true, server.port=0}

  .   ____          _            __ _ _
 /\\ / ___'_ __ _ _(_)_ __  __ _ \ \ \ \
( ( )\___ | '_ | '_| | '_ \/ _` | \ \ \ \
 \\/  ___)| |_)| | | | | || (_| |  ) ) ) )
  '  |____| .__|_| |_|_| |_\__, | / / / /
 =========|_|==============|___/=/_/_/_/
 :: Spring Boot ::        (v2.1.7.RELEASE)

2021-05-27 18:23:28.028  INFO 8460 --- [    Test worker] c.b.p.s.web.ProfileControllerUnitTest    : Starting ProfileControllerUnitTest on DESKTOP-N959E0E with PID 8460 (started by qhxma in C:\Users\qhxma\Project\Spring_Project\springAwsExample)
2021-05-27 18:23:28.029  INFO 8460 --- [    Test worker] c.b.p.s.web.ProfileControllerUnitTest    : No active profile set, falling back to default profiles: default
2021-05-27 18:23:29.354  INFO 8460 --- [    Test worker] .s.d.r.c.RepositoryConfigurationDelegate : Bootstrapping Spring Data repositories in DEFAULT mode.
2021-05-27 18:23:29.504  INFO 8460 --- [    Test worker] .s.d.r.c.RepositoryConfigurationDelegate : Finished Spring Data repository scanning in 138ms. Found 2 repository interfaces.
2021-05-27 18:23:30.316  INFO 8460 --- [    Test worker] trationDelegate$BeanPostProcessorChecker : Bean 'org.springframework.transaction.annotation.ProxyTransactionManagementConfiguration' of type [org.springframework.transaction.annotation.ProxyTransactionManagementConfiguration$$EnhancerBySpringCGLIB$$c1e7144d] is not eligible for getting processed by all BeanPostProcessors (for example: not eligible for auto-proxying)
2021-05-27 18:23:30.926  INFO 8460 --- [    Test worker] o.s.b.w.embedded.tomcat.TomcatWebServer  : Tomcat initialized with port(s): 0 (http)
2021-05-27 18:23:30.972  INFO 8460 --- [    Test worker] o.apache.catalina.core.StandardService   : Starting service [Tomcat]
2021-05-27 18:23:30.972  INFO 8460 --- [    Test worker] org.apache.catalina.core.StandardEngine  : Starting Servlet engine: [Apache Tomcat/9.0.22]
2021-05-27 18:23:31.296  INFO 8460 --- [    Test worker] o.a.c.c.C.[Tomcat].[localhost].[/]       : Initializing Spring embedded WebApplicationContext
2021-05-27 18:23:31.296  INFO 8460 --- [    Test worker] o.s.web.context.ContextLoader            : Root WebApplicationContext: initialization completed in 3240 ms
2021-05-27 18:23:31.732  INFO 8460 --- [    Test worker] com.zaxxer.hikari.HikariDataSource       : HikariPool-1 - Starting...
2021-05-27 18:23:32.026  INFO 8460 --- [    Test worker] com.zaxxer.hikari.HikariDataSource       : HikariPool-1 - Start completed.
2021-05-27 18:23:32.188  INFO 8460 --- [    Test worker] o.hibernate.jpa.internal.util.LogHelper  : HHH000204: Processing PersistenceUnitInfo [
	name: default
	...]
2021-05-27 18:23:32.312  INFO 8460 --- [    Test worker] org.hibernate.Version                    : HHH000412: Hibernate Core {5.3.10.Final}
2021-05-27 18:23:32.315  INFO 8460 --- [    Test worker] org.hibernate.cfg.Environment            : HHH000206: hibernate.properties not found
2021-05-27 18:23:32.580  INFO 8460 --- [    Test worker] o.hibernate.annotations.common.Version   : HCANN000001: Hibernate Commons Annotations {5.0.4.Final}
2021-05-27 18:23:32.863  INFO 8460 --- [    Test worker] org.hibernate.dialect.Dialect            : HHH000400: Using dialect: org.hibernate.dialect.MySQL5InnoDBDialect
Hibernate: drop table if exists posts
Hibernate: drop table if exists user
Hibernate: create table posts (id bigint not null auto_increment, create_date datetime, modified_date datetime, author varchar(255), content TEXT not null, title varchar(500) not null, primary key (id)) engine=InnoDB
Hibernate: create table user (id bigint not null auto_increment, create_date datetime, modified_date datetime, email varchar(255) not null, name varchar(255) not null, picture varchar(255), role varchar(255) not null, primary key (id)) engine=InnoDB
2021-05-27 18:23:33.959  INFO 8460 --- [    Test worker] o.h.t.schema.internal.SchemaCreatorImpl  : HHH000476: Executing import script 'org.hibernate.tool.schema.internal.exec.ScriptSourceInputNonExistentImpl@5fa96b66'
2021-05-27 18:23:33.963  INFO 8460 --- [    Test worker] j.LocalContainerEntityManagerFactoryBean : Initialized JPA EntityManagerFactory for persistence unit 'default'
2021-05-27 18:23:35.479  INFO 8460 --- [    Test worker] o.h.h.i.QueryTranslatorFactoryInitiator  : HHH000397: Using ASTQueryTranslatorFactory
2021-05-27 18:23:36.357  INFO 8460 --- [    Test worker] o.s.s.web.DefaultSecurityFilterChain     : Creating filter chain: any request, [org.springframework.security.web.context.request.async.WebAsyncManagerIntegrationFilter@743e3e53, org.springframework.security.web.context.SecurityContextPersistenceFilter@61755493, org.springframework.security.web.header.HeaderWriterFilter@3278e6f, org.springframework.security.web.authentication.logout.LogoutFilter@65f0a6cd, org.springframework.security.oauth2.client.web.OAuth2AuthorizationRequestRedirectFilter@19dd126c, org.springframework.security.oauth2.client.web.OAuth2LoginAuthenticationFilter@42ec3870, org.springframework.security.web.authentication.ui.DefaultLoginPageGeneratingFilter@39bc6bf8, org.springframework.security.web.authentication.ui.DefaultLogoutPageGeneratingFilter@73fb58e1, org.springframework.security.web.savedrequest.RequestCacheAwareFilter@7efa3a75, org.springframework.security.web.servletapi.SecurityContextHolderAwareRequestFilter@dbd4928, org.springframework.security.web.authentication.AnonymousAuthenticationFilter@2f73062b, org.springframework.security.web.session.SessionManagementFilter@74d350c2, org.springframework.security.web.access.ExceptionTranslationFilter@cf92351, org.springframework.security.web.access.intercept.FilterSecurityInterceptor@1ab271b2]
2021-05-27 18:23:37.012  INFO 8460 --- [    Test worker] o.s.s.concurrent.ThreadPoolTaskExecutor  : Initializing ExecutorService 'applicationTaskExecutor'
2021-05-27 18:23:37.105  WARN 8460 --- [    Test worker] aWebConfiguration$JpaWebMvcConfiguration : spring.jpa.open-in-view is enabled by default. Therefore, database queries may be performed during view rendering. Explicitly configure spring.jpa.open-in-view to disable this warning
2021-05-27 18:23:37.177  INFO 8460 --- [    Test worker] o.s.b.a.w.s.WelcomePageHandlerMapping    : Adding welcome page template: index
2021-05-27 18:23:37.752  INFO 8460 --- [    Test worker] s.a.ScheduledAnnotationBeanPostProcessor : No TaskScheduler/ScheduledExecutorService bean found for scheduled processing
2021-05-27 18:23:37.801  INFO 8460 --- [    Test worker] o.s.b.w.embedded.tomcat.TomcatWebServer  : Tomcat started on port(s): 12536 (http) with context path ''
2021-05-27 18:23:37.805  INFO 8460 --- [    Test worker] c.b.p.s.web.ProfileControllerUnitTest    : Started ProfileControllerUnitTest in 10.213 seconds (JVM running for 13.488)
profile : real
]]></system-out>
  <system-err><![CDATA[]]></system-err>
</testsuite>
