<?xml version="1.0" encoding="UTF-8"?>
<testsuite name="com.boot.practice.springAwsExample.web.HelloControllerTest" tests="2" skipped="0" failures="0" errors="0" timestamp="2021-05-25T14:08:55" hostname="DESKTOP-N959E0E" time="0.185">
  <properties/>
  <testcase name="hello가_리턴된다" classname="com.boot.practice.springAwsExample.web.HelloControllerTest" time="0.08"/>
  <testcase name="helloDto가_리턴된다" classname="com.boot.practice.springAwsExample.web.HelloControllerTest" time="0.104"/>
  <system-out><![CDATA[2021-05-25 23:08:54.300  INFO 24292 --- [    Test worker] .b.t.a.w.s.WebMvcTestContextBootstrapper : Neither @ContextConfiguration nor @ContextHierarchy found for test class [com.boot.practice.springAwsExample.web.HelloControllerTest], using SpringBootContextLoader
2021-05-25 23:08:54.302  INFO 24292 --- [    Test worker] o.s.t.c.support.AbstractContextLoader    : Could not detect default resource locations for test class [com.boot.practice.springAwsExample.web.HelloControllerTest]: no resource found for suffixes {-context.xml, Context.groovy}.
2021-05-25 23:08:54.302  INFO 24292 --- [    Test worker] t.c.s.AnnotationConfigContextLoaderUtils : Could not detect default configuration classes for test class [com.boot.practice.springAwsExample.web.HelloControllerTest]: HelloControllerTest does not declare any static, non-private, non-final, nested classes annotated with @Configuration.
2021-05-25 23:08:54.334  INFO 24292 --- [    Test worker] .b.t.c.SpringBootTestContextBootstrapper : Found @SpringBootConfiguration com.boot.practice.springAwsExample.Application for test class com.boot.practice.springAwsExample.web.HelloControllerTest
2021-05-25 23:08:54.334  INFO 24292 --- [    Test worker] .b.t.a.w.s.WebMvcTestContextBootstrapper : Loaded default TestExecutionListener class names from location [META-INF/spring.factories]: [org.springframework.security.test.context.support.WithSecurityContextTestExecutionListener, org.springframework.security.test.context.support.ReactorContextTestExecutionListener, org.springframework.boot.test.autoconfigure.restdocs.RestDocsTestExecutionListener, org.springframework.boot.test.autoconfigure.web.client.MockRestServiceServerResetTestExecutionListener, org.springframework.boot.test.autoconfigure.web.servlet.MockMvcPrintOnlyOnFailureTestExecutionListener, org.springframework.boot.test.autoconfigure.web.servlet.WebDriverTestExecutionListener, org.springframework.boot.test.mock.mockito.MockitoTestExecutionListener, org.springframework.boot.test.mock.mockito.ResetMocksTestExecutionListener, org.springframework.test.context.web.ServletTestExecutionListener, org.springframework.test.context.support.DirtiesContextBeforeModesTestExecutionListener, org.springframework.test.context.support.DependencyInjectionTestExecutionListener, org.springframework.test.context.support.DirtiesContextTestExecutionListener, org.springframework.test.context.transaction.TransactionalTestExecutionListener, org.springframework.test.context.jdbc.SqlScriptsTestExecutionListener]
2021-05-25 23:08:54.336  INFO 24292 --- [    Test worker] .b.t.a.w.s.WebMvcTestContextBootstrapper : Using TestExecutionListeners: [org.springframework.test.context.web.ServletTestExecutionListener@1b5b42bf, org.springframework.test.context.support.DirtiesContextBeforeModesTestExecutionListener@5c92cd9f, org.springframework.boot.test.mock.mockito.MockitoTestExecutionListener@2116a5be, org.springframework.boot.test.autoconfigure.SpringBootDependencyInjectionTestExecutionListener@6db08390, org.springframework.test.context.support.DirtiesContextTestExecutionListener@2c3f6a23, org.springframework.test.context.transaction.TransactionalTestExecutionListener@668ba40e, org.springframework.test.context.jdbc.SqlScriptsTestExecutionListener@7224c634, org.springframework.security.test.context.support.WithSecurityContextTestExecutionListener@1be177e3, org.springframework.security.test.context.support.ReactorContextTestExecutionListener@4c5878ce, org.springframework.boot.test.autoconfigure.restdocs.RestDocsTestExecutionListener@77c80e9f, org.springframework.boot.test.autoconfigure.web.client.MockRestServiceServerResetTestExecutionListener@23097334, org.springframework.boot.test.autoconfigure.web.servlet.MockMvcPrintOnlyOnFailureTestExecutionListener@33c756d9, org.springframework.boot.test.autoconfigure.web.servlet.WebDriverTestExecutionListener@3cd6c667, org.springframework.boot.test.mock.mockito.ResetMocksTestExecutionListener@b5d9b94]

  .   ____          _            __ _ _
 /\\ / ___'_ __ _ _(_)_ __  __ _ \ \ \ \
( ( )\___ | '_ | '_| | '_ \/ _` | \ \ \ \
 \\/  ___)| |_)| | | | | || (_| |  ) ) ) )
  '  |____| .__|_| |_|_| |_\__, | / / / /
 =========|_|==============|___/=/_/_/_/
 :: Spring Boot ::        (v2.1.7.RELEASE)

2021-05-25 23:08:54.379  INFO 24292 --- [    Test worker] c.b.p.s.web.HelloControllerTest          : Starting HelloControllerTest on DESKTOP-N959E0E with PID 24292 (started by qhxma in C:\Users\qhxma\Project\Spring_Project\springAwsExample)
2021-05-25 23:08:54.380  INFO 24292 --- [    Test worker] c.b.p.s.web.HelloControllerTest          : No active profile set, falling back to default profiles: default
2021-05-25 23:08:54.950  INFO 24292 --- [    Test worker] o.s.s.concurrent.ThreadPoolTaskExecutor  : Initializing ExecutorService 'applicationTaskExecutor'
2021-05-25 23:08:54.988  INFO 24292 --- [    Test worker] o.s.b.a.w.s.WelcomePageHandlerMapping    : Adding welcome page template: index
2021-05-25 23:08:55.235  INFO 24292 --- [    Test worker] .s.s.UserDetailsServiceAutoConfiguration : 

Using generated security password: 19830dcb-5ff4-473e-a1c5-3dd7dbe15cb2

2021-05-25 23:08:55.404  INFO 24292 --- [    Test worker] o.s.s.web.DefaultSecurityFilterChain     : Creating filter chain: any request, [org.springframework.security.web.context.request.async.WebAsyncManagerIntegrationFilter@798cf463, org.springframework.security.web.context.SecurityContextPersistenceFilter@4212fa65, org.springframework.security.web.header.HeaderWriterFilter@2ddeef00, org.springframework.security.web.csrf.CsrfFilter@7d2122c, org.springframework.security.web.authentication.logout.LogoutFilter@5755d907, org.springframework.security.web.authentication.UsernamePasswordAuthenticationFilter@2759d18a, org.springframework.security.web.authentication.ui.DefaultLoginPageGeneratingFilter@28a758d9, org.springframework.security.web.authentication.ui.DefaultLogoutPageGeneratingFilter@6fecb117, org.springframework.security.web.authentication.www.BasicAuthenticationFilter@37978951, org.springframework.security.web.savedrequest.RequestCacheAwareFilter@1ee2ac6f, org.springframework.security.web.servletapi.SecurityContextHolderAwareRequestFilter@449ef65c, org.springframework.security.web.authentication.AnonymousAuthenticationFilter@64ba60ba, org.springframework.security.web.session.SessionManagementFilter@3a8adbe5, org.springframework.security.web.access.ExceptionTranslationFilter@313da23a, org.springframework.security.web.access.intercept.FilterSecurityInterceptor@3670e3a]
2021-05-25 23:08:55.446  INFO 24292 --- [    Test worker] o.s.b.t.m.w.SpringBootMockServletContext : Initializing Spring TestDispatcherServlet ''
2021-05-25 23:08:55.447  INFO 24292 --- [    Test worker] o.s.t.web.servlet.TestDispatcherServlet  : Initializing Servlet ''
2021-05-25 23:08:55.463  INFO 24292 --- [    Test worker] o.s.t.web.servlet.TestDispatcherServlet  : Completed initialization in 16 ms
2021-05-25 23:08:55.500  INFO 24292 --- [    Test worker] c.b.p.s.web.HelloControllerTest          : Started HelloControllerTest in 1.162 seconds (JVM running for 11.643)
]]></system-out>
  <system-err><![CDATA[]]></system-err>
</testsuite>
