<?xml version="1.0" encoding="UTF-8"?>
<testsuite name="com.boot.practice.springAwsExample.web.HelloControllerTest" tests="2" skipped="0" failures="0" errors="0" timestamp="2021-05-20T16:16:30" hostname="DESKTOP-N959E0E" time="0.701">
  <properties/>
  <testcase name="hello가_리턴된다" classname="com.boot.practice.springAwsExample.web.HelloControllerTest" time="0.588"/>
  <testcase name="helloDto가_리턴된다" classname="com.boot.practice.springAwsExample.web.HelloControllerTest" time="0.112"/>
  <system-out><![CDATA[01:16:26.642 [Test worker] DEBUG org.springframework.test.context.junit4.SpringJUnit4ClassRunner - SpringJUnit4ClassRunner constructor called with [class com.boot.practice.springAwsExample.web.HelloControllerTest]
01:16:26.654 [Test worker] DEBUG org.springframework.test.context.BootstrapUtils - Instantiating CacheAwareContextLoaderDelegate from class [org.springframework.test.context.cache.DefaultCacheAwareContextLoaderDelegate]
01:16:26.666 [Test worker] DEBUG org.springframework.test.context.BootstrapUtils - Instantiating BootstrapContext using constructor [public org.springframework.test.context.support.DefaultBootstrapContext(java.lang.Class,org.springframework.test.context.CacheAwareContextLoaderDelegate)]
01:16:26.688 [Test worker] DEBUG org.springframework.test.context.BootstrapUtils - Instantiating TestContextBootstrapper for test class [com.boot.practice.springAwsExample.web.HelloControllerTest] from class [org.springframework.boot.test.autoconfigure.web.servlet.WebMvcTestContextBootstrapper]
01:16:26.714 [Test worker] INFO org.springframework.boot.test.autoconfigure.web.servlet.WebMvcTestContextBootstrapper - Neither @ContextConfiguration nor @ContextHierarchy found for test class [com.boot.practice.springAwsExample.web.HelloControllerTest], using SpringBootContextLoader
01:16:26.718 [Test worker] DEBUG org.springframework.test.context.support.AbstractContextLoader - Did not detect default resource location for test class [com.boot.practice.springAwsExample.web.HelloControllerTest]: class path resource [com/boot/practice/springAwsExample/web/HelloControllerTest-context.xml] does not exist
01:16:26.719 [Test worker] DEBUG org.springframework.test.context.support.AbstractContextLoader - Did not detect default resource location for test class [com.boot.practice.springAwsExample.web.HelloControllerTest]: class path resource [com/boot/practice/springAwsExample/web/HelloControllerTestContext.groovy] does not exist
01:16:26.720 [Test worker] INFO org.springframework.test.context.support.AbstractContextLoader - Could not detect default resource locations for test class [com.boot.practice.springAwsExample.web.HelloControllerTest]: no resource found for suffixes {-context.xml, Context.groovy}.
01:16:26.721 [Test worker] INFO org.springframework.test.context.support.AnnotationConfigContextLoaderUtils - Could not detect default configuration classes for test class [com.boot.practice.springAwsExample.web.HelloControllerTest]: HelloControllerTest does not declare any static, non-private, non-final, nested classes annotated with @Configuration.
01:16:26.828 [Test worker] DEBUG org.springframework.test.context.support.ActiveProfilesUtils - Could not find an 'annotation declaring class' for annotation type [org.springframework.test.context.ActiveProfiles] and class [com.boot.practice.springAwsExample.web.HelloControllerTest]
01:16:26.938 [Test worker] DEBUG org.springframework.context.annotation.ClassPathScanningCandidateComponentProvider - Identified candidate component class: file [C:\Users\qhxma\Project\Spring_Project\springAwsExample\build\classes\java\main\com\boot\practice\springAwsExample\Application.class]
01:16:26.941 [Test worker] INFO org.springframework.boot.test.context.SpringBootTestContextBootstrapper - Found @SpringBootConfiguration com.boot.practice.springAwsExample.Application for test class com.boot.practice.springAwsExample.web.HelloControllerTest
01:16:26.944 [Test worker] DEBUG org.springframework.boot.test.autoconfigure.web.servlet.WebMvcTestContextBootstrapper - @TestExecutionListeners is not present for class [com.boot.practice.springAwsExample.web.HelloControllerTest]: using defaults.
01:16:26.945 [Test worker] INFO org.springframework.boot.test.autoconfigure.web.servlet.WebMvcTestContextBootstrapper - Loaded default TestExecutionListener class names from location [META-INF/spring.factories]: [org.springframework.security.test.context.support.WithSecurityContextTestExecutionListener, org.springframework.security.test.context.support.ReactorContextTestExecutionListener, org.springframework.boot.test.autoconfigure.restdocs.RestDocsTestExecutionListener, org.springframework.boot.test.autoconfigure.web.client.MockRestServiceServerResetTestExecutionListener, org.springframework.boot.test.autoconfigure.web.servlet.MockMvcPrintOnlyOnFailureTestExecutionListener, org.springframework.boot.test.autoconfigure.web.servlet.WebDriverTestExecutionListener, org.springframework.boot.test.mock.mockito.MockitoTestExecutionListener, org.springframework.boot.test.mock.mockito.ResetMocksTestExecutionListener, org.springframework.test.context.web.ServletTestExecutionListener, org.springframework.test.context.support.DirtiesContextBeforeModesTestExecutionListener, org.springframework.test.context.support.DependencyInjectionTestExecutionListener, org.springframework.test.context.support.DirtiesContextTestExecutionListener, org.springframework.test.context.transaction.TransactionalTestExecutionListener, org.springframework.test.context.jdbc.SqlScriptsTestExecutionListener]
01:16:26.972 [Test worker] INFO org.springframework.boot.test.autoconfigure.web.servlet.WebMvcTestContextBootstrapper - Using TestExecutionListeners: [org.springframework.test.context.web.ServletTestExecutionListener@47c11d4a, org.springframework.test.context.support.DirtiesContextBeforeModesTestExecutionListener@1bd2df65, org.springframework.boot.test.mock.mockito.MockitoTestExecutionListener@4221aab6, org.springframework.boot.test.autoconfigure.SpringBootDependencyInjectionTestExecutionListener@6602663, org.springframework.test.context.support.DirtiesContextTestExecutionListener@498440a8, org.springframework.test.context.transaction.TransactionalTestExecutionListener@44a0870a, org.springframework.test.context.jdbc.SqlScriptsTestExecutionListener@b9bf132, org.springframework.security.test.context.support.WithSecurityContextTestExecutionListener@ccf8d1c, org.springframework.security.test.context.support.ReactorContextTestExecutionListener@67a51d2d, org.springframework.boot.test.autoconfigure.restdocs.RestDocsTestExecutionListener@27fd5e04, org.springframework.boot.test.autoconfigure.web.client.MockRestServiceServerResetTestExecutionListener@73bb39a8, org.springframework.boot.test.autoconfigure.web.servlet.MockMvcPrintOnlyOnFailureTestExecutionListener@3ecedae, org.springframework.boot.test.autoconfigure.web.servlet.WebDriverTestExecutionListener@4cefd48b, org.springframework.boot.test.mock.mockito.ResetMocksTestExecutionListener@1afae6c]
01:16:26.976 [Test worker] DEBUG org.springframework.test.annotation.ProfileValueUtils - Retrieved @ProfileValueSourceConfiguration [null] for test class [com.boot.practice.springAwsExample.web.HelloControllerTest]
01:16:26.977 [Test worker] DEBUG org.springframework.test.annotation.ProfileValueUtils - Retrieved ProfileValueSource type [class org.springframework.test.annotation.SystemProfileValueSource] for class [com.boot.practice.springAwsExample.web.HelloControllerTest]
01:16:26.978 [Test worker] DEBUG org.springframework.test.annotation.ProfileValueUtils - Retrieved @ProfileValueSourceConfiguration [null] for test class [com.boot.practice.springAwsExample.web.HelloControllerTest]
01:16:26.978 [Test worker] DEBUG org.springframework.test.annotation.ProfileValueUtils - Retrieved ProfileValueSource type [class org.springframework.test.annotation.SystemProfileValueSource] for class [com.boot.practice.springAwsExample.web.HelloControllerTest]
01:16:26.986 [Test worker] DEBUG org.springframework.test.context.support.AbstractDirtiesContextTestExecutionListener - Before test class: context [DefaultTestContext@40b34dfe testClass = HelloControllerTest, testInstance = [null], testMethod = [null], testException = [null], mergedContextConfiguration = [WebMergedContextConfiguration@384637dd testClass = HelloControllerTest, locations = '{}', classes = '{class com.boot.practice.springAwsExample.Application}', contextInitializerClasses = '[]', activeProfiles = '{}', propertySourceLocations = '{}', propertySourceProperties = '{org.springframework.boot.test.autoconfigure.web.servlet.WebMvcTestContextBootstrapper=true}', contextCustomizers = set[org.springframework.boot.test.autoconfigure.OverrideAutoConfigurationContextCustomizerFactory$DisableAutoConfigurationContextCustomizer@7d3337cb, org.springframework.boot.test.autoconfigure.filter.TypeExcludeFiltersContextCustomizer@8e6ac81e, org.springframework.boot.test.autoconfigure.properties.PropertyMappingContextCustomizer@9f653b27, org.springframework.boot.test.autoconfigure.web.servlet.WebDriverContextCustomizerFactory$Customizer@5913e6ea, [ImportsContextCustomizer@390af863 key = [org.springframework.boot.autoconfigure.cache.CacheAutoConfiguration, org.springframework.boot.autoconfigure.context.MessageSourceAutoConfiguration, org.springframework.boot.autoconfigure.data.web.SpringDataWebAutoConfiguration, org.springframework.boot.autoconfigure.freemarker.FreeMarkerAutoConfiguration, org.springframework.boot.autoconfigure.groovy.template.GroovyTemplateAutoConfiguration, org.springframework.boot.autoconfigure.gson.GsonAutoConfiguration, org.springframework.boot.autoconfigure.hateoas.HypermediaAutoConfiguration, org.springframework.boot.autoconfigure.http.HttpMessageConvertersAutoConfiguration, org.springframework.boot.autoconfigure.jackson.JacksonAutoConfiguration, org.springframework.boot.autoconfigure.jsonb.JsonbAutoConfiguration, org.springframework.boot.autoconfigure.mustache.MustacheAutoConfiguration, org.springframework.boot.autoconfigure.task.TaskExecutionAutoConfiguration, org.springframework.boot.autoconfigure.thymeleaf.ThymeleafAutoConfiguration, org.springframework.boot.autoconfigure.validation.ValidationAutoConfiguration, org.springframework.boot.autoconfigure.web.servlet.error.ErrorMvcAutoConfiguration, org.springframework.boot.autoconfigure.web.servlet.WebMvcAutoConfiguration, org.springframework.boot.test.autoconfigure.web.servlet.MockMvcAutoConfiguration, org.springframework.boot.test.autoconfigure.web.servlet.MockMvcSecurityAutoConfiguration, org.springframework.boot.test.autoconfigure.web.servlet.MockMvcWebClientAutoConfiguration, org.springframework.boot.test.autoconfigure.web.servlet.MockMvcWebDriverAutoConfiguration]], org.springframework.boot.test.context.filter.ExcludeFilterContextCustomizer@288b34d5, org.springframework.boot.test.json.DuplicateJsonObjectContextCustomizerFactory$DuplicateJsonObjectContextCustomizer@e7d33, org.springframework.boot.test.mock.mockito.MockitoContextCustomizer@0], resourceBasePath = 'src/main/webapp', contextLoader = 'org.springframework.boot.test.context.SpringBootContextLoader', parent = [null]], attributes = map[[empty]]], class annotated with @DirtiesContext [false] with mode [null].
01:16:26.988 [Test worker] DEBUG org.springframework.test.annotation.ProfileValueUtils - Retrieved @ProfileValueSourceConfiguration [null] for test class [com.boot.practice.springAwsExample.web.HelloControllerTest]
01:16:26.988 [Test worker] DEBUG org.springframework.test.annotation.ProfileValueUtils - Retrieved ProfileValueSource type [class org.springframework.test.annotation.SystemProfileValueSource] for class [com.boot.practice.springAwsExample.web.HelloControllerTest]
01:16:26.995 [Test worker] DEBUG org.springframework.test.context.support.DependencyInjectionTestExecutionListener - Performing dependency injection for test context [[DefaultTestContext@40b34dfe testClass = HelloControllerTest, testInstance = com.boot.practice.springAwsExample.web.HelloControllerTest@69522150, testMethod = [null], testException = [null], mergedContextConfiguration = [WebMergedContextConfiguration@384637dd testClass = HelloControllerTest, locations = '{}', classes = '{class com.boot.practice.springAwsExample.Application}', contextInitializerClasses = '[]', activeProfiles = '{}', propertySourceLocations = '{}', propertySourceProperties = '{org.springframework.boot.test.autoconfigure.web.servlet.WebMvcTestContextBootstrapper=true}', contextCustomizers = set[org.springframework.boot.test.autoconfigure.OverrideAutoConfigurationContextCustomizerFactory$DisableAutoConfigurationContextCustomizer@7d3337cb, org.springframework.boot.test.autoconfigure.filter.TypeExcludeFiltersContextCustomizer@8e6ac81e, org.springframework.boot.test.autoconfigure.properties.PropertyMappingContextCustomizer@9f653b27, org.springframework.boot.test.autoconfigure.web.servlet.WebDriverContextCustomizerFactory$Customizer@5913e6ea, [ImportsContextCustomizer@390af863 key = [org.springframework.boot.autoconfigure.cache.CacheAutoConfiguration, org.springframework.boot.autoconfigure.context.MessageSourceAutoConfiguration, org.springframework.boot.autoconfigure.data.web.SpringDataWebAutoConfiguration, org.springframework.boot.autoconfigure.freemarker.FreeMarkerAutoConfiguration, org.springframework.boot.autoconfigure.groovy.template.GroovyTemplateAutoConfiguration, org.springframework.boot.autoconfigure.gson.GsonAutoConfiguration, org.springframework.boot.autoconfigure.hateoas.HypermediaAutoConfiguration, org.springframework.boot.autoconfigure.http.HttpMessageConvertersAutoConfiguration, org.springframework.boot.autoconfigure.jackson.JacksonAutoConfiguration, org.springframework.boot.autoconfigure.jsonb.JsonbAutoConfiguration, org.springframework.boot.autoconfigure.mustache.MustacheAutoConfiguration, org.springframework.boot.autoconfigure.task.TaskExecutionAutoConfiguration, org.springframework.boot.autoconfigure.thymeleaf.ThymeleafAutoConfiguration, org.springframework.boot.autoconfigure.validation.ValidationAutoConfiguration, org.springframework.boot.autoconfigure.web.servlet.error.ErrorMvcAutoConfiguration, org.springframework.boot.autoconfigure.web.servlet.WebMvcAutoConfiguration, org.springframework.boot.test.autoconfigure.web.servlet.MockMvcAutoConfiguration, org.springframework.boot.test.autoconfigure.web.servlet.MockMvcSecurityAutoConfiguration, org.springframework.boot.test.autoconfigure.web.servlet.MockMvcWebClientAutoConfiguration, org.springframework.boot.test.autoconfigure.web.servlet.MockMvcWebDriverAutoConfiguration]], org.springframework.boot.test.context.filter.ExcludeFilterContextCustomizer@288b34d5, org.springframework.boot.test.json.DuplicateJsonObjectContextCustomizerFactory$DuplicateJsonObjectContextCustomizer@e7d33, org.springframework.boot.test.mock.mockito.MockitoContextCustomizer@0], resourceBasePath = 'src/main/webapp', contextLoader = 'org.springframework.boot.test.context.SpringBootContextLoader', parent = [null]], attributes = map[[empty]]]].
01:16:27.160 [Test worker] DEBUG org.springframework.test.context.support.TestPropertySourceUtils - Adding inlined properties to environment: {spring.jmx.enabled=false, org.springframework.boot.test.autoconfigure.web.servlet.WebMvcTestContextBootstrapper=true, server.port=-1}

  .   ____          _            __ _ _
 /\\ / ___'_ __ _ _(_)_ __  __ _ \ \ \ \
( ( )\___ | '_ | '_| | '_ \/ _` | \ \ \ \
 \\/  ___)| |_)| | | | | || (_| |  ) ) ) )
  '  |____| .__|_| |_|_| |_\__, | / / / /
 =========|_|==============|___/=/_/_/_/
 :: Spring Boot ::        (v2.1.7.RELEASE)

2021-05-21 01:16:27.640  INFO 27860 --- [    Test worker] c.b.p.s.web.HelloControllerTest          : Starting HelloControllerTest on DESKTOP-N959E0E with PID 27860 (started by qhxma in C:\Users\qhxma\Project\Spring_Project\springAwsExample)
2021-05-21 01:16:27.643  INFO 27860 --- [    Test worker] c.b.p.s.web.HelloControllerTest          : No active profile set, falling back to default profiles: default
2021-05-21 01:16:29.656  INFO 27860 --- [    Test worker] o.s.s.concurrent.ThreadPoolTaskExecutor  : Initializing ExecutorService 'applicationTaskExecutor'
2021-05-21 01:16:29.799  INFO 27860 --- [    Test worker] o.s.b.a.w.s.WelcomePageHandlerMapping    : Adding welcome page template: index
2021-05-21 01:16:30.448  INFO 27860 --- [    Test worker] .s.s.UserDetailsServiceAutoConfiguration : 

Using generated security password: 6b26f822-f7a6-4060-9460-a8210b98d931

2021-05-21 01:16:30.774  INFO 27860 --- [    Test worker] o.s.s.web.DefaultSecurityFilterChain     : Creating filter chain: any request, [org.springframework.security.web.context.request.async.WebAsyncManagerIntegrationFilter@3e14e3e9, org.springframework.security.web.context.SecurityContextPersistenceFilter@7038dccf, org.springframework.security.web.header.HeaderWriterFilter@59eda3a7, org.springframework.security.web.csrf.CsrfFilter@1e27defa, org.springframework.security.web.authentication.logout.LogoutFilter@53487863, org.springframework.security.web.authentication.UsernamePasswordAuthenticationFilter@50678fe7, org.springframework.security.web.authentication.ui.DefaultLoginPageGeneratingFilter@384b5a71, org.springframework.security.web.authentication.ui.DefaultLogoutPageGeneratingFilter@3154ece4, org.springframework.security.web.authentication.www.BasicAuthenticationFilter@27676b7d, org.springframework.security.web.savedrequest.RequestCacheAwareFilter@24c1048b, org.springframework.security.web.servletapi.SecurityContextHolderAwareRequestFilter@6b7c94bd, org.springframework.security.web.authentication.AnonymousAuthenticationFilter@2741032c, org.springframework.security.web.session.SessionManagementFilter@7a510e78, org.springframework.security.web.access.ExceptionTranslationFilter@7cdaef12, org.springframework.security.web.access.intercept.FilterSecurityInterceptor@62d2de3d]
2021-05-21 01:16:30.837  INFO 27860 --- [    Test worker] o.s.b.t.m.w.SpringBootMockServletContext : Initializing Spring TestDispatcherServlet ''
2021-05-21 01:16:30.838  INFO 27860 --- [    Test worker] o.s.t.web.servlet.TestDispatcherServlet  : Initializing Servlet ''
2021-05-21 01:16:30.868  INFO 27860 --- [    Test worker] o.s.t.web.servlet.TestDispatcherServlet  : Completed initialization in 30 ms
2021-05-21 01:16:30.929  INFO 27860 --- [    Test worker] c.b.p.s.web.HelloControllerTest          : Started HelloControllerTest in 3.758 seconds (JVM running for 7.198)
]]></system-out>
  <system-err><![CDATA[]]></system-err>
</testsuite>
