<?xml version="1.0" encoding="UTF-8"?>
<testsuite name="com.boot.practice.springAwsExample.web.IndexControllerTest" tests="1" skipped="0" failures="0" errors="0" timestamp="2021-05-20T16:16:40" hostname="DESKTOP-N959E0E" time="0.271">
  <properties/>
  <testcase name="메인페이지_로딩" classname="com.boot.practice.springAwsExample.web.IndexControllerTest" time="0.271"/>
  <system-out><![CDATA[2021-05-21 01:16:37.836  INFO 27860 --- [    Test worker] .b.t.c.SpringBootTestContextBootstrapper : Neither @ContextConfiguration nor @ContextHierarchy found for test class [com.boot.practice.springAwsExample.web.IndexControllerTest], using SpringBootContextLoader
2021-05-21 01:16:37.837  INFO 27860 --- [    Test worker] o.s.t.c.support.AbstractContextLoader    : Could not detect default resource locations for test class [com.boot.practice.springAwsExample.web.IndexControllerTest]: no resource found for suffixes {-context.xml, Context.groovy}.
2021-05-21 01:16:37.838  INFO 27860 --- [    Test worker] t.c.s.AnnotationConfigContextLoaderUtils : Could not detect default configuration classes for test class [com.boot.practice.springAwsExample.web.IndexControllerTest]: IndexControllerTest does not declare any static, non-private, non-final, nested classes annotated with @Configuration.
2021-05-21 01:16:37.840  INFO 27860 --- [    Test worker] .b.t.c.SpringBootTestContextBootstrapper : Found @SpringBootConfiguration com.boot.practice.springAwsExample.Application for test class com.boot.practice.springAwsExample.web.IndexControllerTest
2021-05-21 01:16:37.844  INFO 27860 --- [    Test worker] .b.t.c.SpringBootTestContextBootstrapper : Loaded default TestExecutionListener class names from location [META-INF/spring.factories]: [org.springframework.security.test.context.support.WithSecurityContextTestExecutionListener, org.springframework.security.test.context.support.ReactorContextTestExecutionListener, org.springframework.boot.test.autoconfigure.restdocs.RestDocsTestExecutionListener, org.springframework.boot.test.autoconfigure.web.client.MockRestServiceServerResetTestExecutionListener, org.springframework.boot.test.autoconfigure.web.servlet.MockMvcPrintOnlyOnFailureTestExecutionListener, org.springframework.boot.test.autoconfigure.web.servlet.WebDriverTestExecutionListener, org.springframework.boot.test.mock.mockito.MockitoTestExecutionListener, org.springframework.boot.test.mock.mockito.ResetMocksTestExecutionListener, org.springframework.test.context.web.ServletTestExecutionListener, org.springframework.test.context.support.DirtiesContextBeforeModesTestExecutionListener, org.springframework.test.context.support.DependencyInjectionTestExecutionListener, org.springframework.test.context.support.DirtiesContextTestExecutionListener, org.springframework.test.context.transaction.TransactionalTestExecutionListener, org.springframework.test.context.jdbc.SqlScriptsTestExecutionListener]
2021-05-21 01:16:37.845  INFO 27860 --- [    Test worker] .b.t.c.SpringBootTestContextBootstrapper : Using TestExecutionListeners: [org.springframework.test.context.web.ServletTestExecutionListener@67c86daf, org.springframework.test.context.support.DirtiesContextBeforeModesTestExecutionListener@7f361793, org.springframework.boot.test.mock.mockito.MockitoTestExecutionListener@2265a674, org.springframework.boot.test.autoconfigure.SpringBootDependencyInjectionTestExecutionListener@c04afb6, org.springframework.test.context.support.DirtiesContextTestExecutionListener@28851e8c, org.springframework.test.context.transaction.TransactionalTestExecutionListener@67401e80, org.springframework.test.context.jdbc.SqlScriptsTestExecutionListener@6899421a, org.springframework.security.test.context.support.WithSecurityContextTestExecutionListener@41c939a0, org.springframework.security.test.context.support.ReactorContextTestExecutionListener@41b82e6b, org.springframework.boot.test.autoconfigure.restdocs.RestDocsTestExecutionListener@266b9cc2, org.springframework.boot.test.autoconfigure.web.client.MockRestServiceServerResetTestExecutionListener@4c09387, org.springframework.boot.test.autoconfigure.web.servlet.MockMvcPrintOnlyOnFailureTestExecutionListener@c4cbe86, org.springframework.boot.test.autoconfigure.web.servlet.WebDriverTestExecutionListener@c870212, org.springframework.boot.test.mock.mockito.ResetMocksTestExecutionListener@76f002cc]

  .   ____          _            __ _ _
 /\\ / ___'_ __ _ _(_)_ __  __ _ \ \ \ \
( ( )\___ | '_ | '_| | '_ \/ _` | \ \ \ \
 \\/  ___)| |_)| | | | | || (_| |  ) ) ) )
  '  |____| .__|_| |_|_| |_\__, | / / / /
 =========|_|==============|___/=/_/_/_/
 :: Spring Boot ::        (v2.1.7.RELEASE)

2021-05-21 01:16:37.900  INFO 27860 --- [    Test worker] c.b.p.s.web.IndexControllerTest          : Starting IndexControllerTest on DESKTOP-N959E0E with PID 27860 (started by qhxma in C:\Users\qhxma\Project\Spring_Project\springAwsExample)
2021-05-21 01:16:37.901  INFO 27860 --- [    Test worker] c.b.p.s.web.IndexControllerTest          : No active profile set, falling back to default profiles: default
2021-05-21 01:16:38.279  INFO 27860 --- [    Test worker] .s.d.r.c.RepositoryConfigurationDelegate : Bootstrapping Spring Data repositories in DEFAULT mode.
2021-05-21 01:16:38.325  INFO 27860 --- [    Test worker] .s.d.r.c.RepositoryConfigurationDelegate : Finished Spring Data repository scanning in 45ms. Found 2 repository interfaces.
2021-05-21 01:16:38.462  INFO 27860 --- [    Test worker] trationDelegate$BeanPostProcessorChecker : Bean 'org.springframework.transaction.annotation.ProxyTransactionManagementConfiguration' of type [org.springframework.transaction.annotation.ProxyTransactionManagementConfiguration$$EnhancerBySpringCGLIB$$ff0fd24b] is not eligible for getting processed by all BeanPostProcessors (for example: not eligible for auto-proxying)
2021-05-21 01:16:38.835  INFO 27860 --- [    Test worker] o.s.b.w.embedded.tomcat.TomcatWebServer  : Tomcat initialized with port(s): 0 (http)
2021-05-21 01:16:38.877  INFO 27860 --- [    Test worker] o.apache.catalina.core.StandardService   : Starting service [Tomcat]
2021-05-21 01:16:38.877  INFO 27860 --- [    Test worker] org.apache.catalina.core.StandardEngine  : Starting Servlet engine: [Apache Tomcat/9.0.22]
2021-05-21 01:16:39.182  INFO 27860 --- [    Test worker] o.a.c.c.C.[Tomcat].[localhost].[/]       : Initializing Spring embedded WebApplicationContext
2021-05-21 01:16:39.183  INFO 27860 --- [    Test worker] o.s.web.context.ContextLoader            : Root WebApplicationContext: initialization completed in 1279 ms
2021-05-21 01:16:39.446  INFO 27860 --- [    Test worker] com.zaxxer.hikari.HikariDataSource       : HikariPool-2 - Starting...
2021-05-21 01:16:39.448  INFO 27860 --- [    Test worker] com.zaxxer.hikari.HikariDataSource       : HikariPool-2 - Start completed.
2021-05-21 01:16:39.496  INFO 27860 --- [    Test worker] o.hibernate.jpa.internal.util.LogHelper  : HHH000204: Processing PersistenceUnitInfo [
	name: default
	...]
2021-05-21 01:16:39.517  INFO 27860 --- [    Test worker] org.hibernate.dialect.Dialect            : HHH000400: Using dialect: org.hibernate.dialect.MySQL5InnoDBDialect
Hibernate: drop table if exists posts
Hibernate: drop table if exists user
Hibernate: create table posts (id bigint not null auto_increment, create_date datetime, modified_date datetime, author varchar(255), content TEXT not null, title varchar(500) not null, primary key (id)) engine=InnoDB
Hibernate: create table user (id bigint not null auto_increment, create_date datetime, modified_date datetime, email varchar(255) not null, name varchar(255) not null, picture varchar(255), role varchar(255) not null, primary key (id)) engine=InnoDB
2021-05-21 01:16:39.588  INFO 27860 --- [    Test worker] o.h.t.schema.internal.SchemaCreatorImpl  : HHH000476: Executing import script 'org.hibernate.tool.schema.internal.exec.ScriptSourceInputNonExistentImpl@5a3416e7'
2021-05-21 01:16:39.589  INFO 27860 --- [    Test worker] j.LocalContainerEntityManagerFactoryBean : Initialized JPA EntityManagerFactory for persistence unit 'default'
2021-05-21 01:16:39.994  INFO 27860 --- [    Test worker] o.h.h.i.QueryTranslatorFactoryInitiator  : HHH000397: Using ASTQueryTranslatorFactory
2021-05-21 01:16:40.170  INFO 27860 --- [    Test worker] o.s.s.web.DefaultSecurityFilterChain     : Creating filter chain: any request, [org.springframework.security.web.context.request.async.WebAsyncManagerIntegrationFilter@5a4a646, org.springframework.security.web.context.SecurityContextPersistenceFilter@6ec0cfd7, org.springframework.security.web.header.HeaderWriterFilter@4945cb66, org.springframework.security.web.authentication.logout.LogoutFilter@24d0bce7, org.springframework.security.oauth2.client.web.OAuth2AuthorizationRequestRedirectFilter@1e874648, org.springframework.security.oauth2.client.web.OAuth2LoginAuthenticationFilter@6ab7b461, org.springframework.security.web.authentication.ui.DefaultLoginPageGeneratingFilter@4c066cc7, org.springframework.security.web.authentication.ui.DefaultLogoutPageGeneratingFilter@50ffe1c7, org.springframework.security.web.savedrequest.RequestCacheAwareFilter@604f2035, org.springframework.security.web.servletapi.SecurityContextHolderAwareRequestFilter@7b6c9a1, org.springframework.security.web.authentication.AnonymousAuthenticationFilter@746e4896, org.springframework.security.web.session.SessionManagementFilter@260dbede, org.springframework.security.web.access.ExceptionTranslationFilter@53dbab59, org.springframework.security.web.access.intercept.FilterSecurityInterceptor@5cc129fc]
2021-05-21 01:16:40.379  INFO 27860 --- [    Test worker] o.s.s.concurrent.ThreadPoolTaskExecutor  : Initializing ExecutorService 'applicationTaskExecutor'
2021-05-21 01:16:40.394  WARN 27860 --- [    Test worker] aWebConfiguration$JpaWebMvcConfiguration : spring.jpa.open-in-view is enabled by default. Therefore, database queries may be performed during view rendering. Explicitly configure spring.jpa.open-in-view to disable this warning
2021-05-21 01:16:40.422  INFO 27860 --- [    Test worker] o.s.b.a.w.s.WelcomePageHandlerMapping    : Adding welcome page template: index
2021-05-21 01:16:40.775  INFO 27860 --- [    Test worker] s.a.ScheduledAnnotationBeanPostProcessor : No TaskScheduler/ScheduledExecutorService bean found for scheduled processing
2021-05-21 01:16:40.805  INFO 27860 --- [    Test worker] o.s.b.w.embedded.tomcat.TomcatWebServer  : Tomcat started on port(s): 9489 (http) with context path ''
2021-05-21 01:16:40.806  INFO 27860 --- [    Test worker] c.b.p.s.web.IndexControllerTest          : Started IndexControllerTest in 2.958 seconds (JVM running for 17.075)
2021-05-21 01:16:40.942  INFO 27860 --- [o-auto-1-exec-1] o.a.c.c.C.[Tomcat].[localhost].[/]       : Initializing Spring DispatcherServlet 'dispatcherServlet'
2021-05-21 01:16:40.943  INFO 27860 --- [o-auto-1-exec-1] o.s.web.servlet.DispatcherServlet        : Initializing Servlet 'dispatcherServlet'
2021-05-21 01:16:40.971  INFO 27860 --- [o-auto-1-exec-1] o.s.web.servlet.DispatcherServlet        : Completed initialization in 27 ms
Hibernate: select posts0_.id as id1_0_, posts0_.create_date as create_d2_0_, posts0_.modified_date as modified3_0_, posts0_.author as author4_0_, posts0_.content as content5_0_, posts0_.title as title6_0_ from posts posts0_ order by posts0_.id DESC
]]></system-out>
  <system-err><![CDATA[]]></system-err>
</testsuite>
