<?xml version="1.0" encoding="UTF-8"?>
<testsuite name="com.boot.practice.springAwsExample.web.IndexControllerTest" tests="1" skipped="0" failures="0" errors="0" timestamp="2021-05-18T14:17:09" hostname="DESKTOP-N959E0E" time="0.499">
  <properties/>
  <testcase name="메인페이지_로딩" classname="com.boot.practice.springAwsExample.web.IndexControllerTest" time="0.499"/>
  <system-out><![CDATA[23:17:01.009 [Test worker] DEBUG org.springframework.test.context.junit4.SpringJUnit4ClassRunner - SpringJUnit4ClassRunner constructor called with [class com.boot.practice.springAwsExample.web.IndexControllerTest]
23:17:01.023 [Test worker] DEBUG org.springframework.test.context.BootstrapUtils - Instantiating CacheAwareContextLoaderDelegate from class [org.springframework.test.context.cache.DefaultCacheAwareContextLoaderDelegate]
23:17:01.033 [Test worker] DEBUG org.springframework.test.context.BootstrapUtils - Instantiating BootstrapContext using constructor [public org.springframework.test.context.support.DefaultBootstrapContext(java.lang.Class,org.springframework.test.context.CacheAwareContextLoaderDelegate)]
23:17:01.054 [Test worker] DEBUG org.springframework.test.context.BootstrapUtils - Instantiating TestContextBootstrapper for test class [com.boot.practice.springAwsExample.web.IndexControllerTest] from class [org.springframework.boot.test.context.SpringBootTestContextBootstrapper]
23:17:01.075 [Test worker] INFO org.springframework.boot.test.context.SpringBootTestContextBootstrapper - Neither @ContextConfiguration nor @ContextHierarchy found for test class [com.boot.practice.springAwsExample.web.IndexControllerTest], using SpringBootContextLoader
23:17:01.080 [Test worker] DEBUG org.springframework.test.context.support.AbstractContextLoader - Did not detect default resource location for test class [com.boot.practice.springAwsExample.web.IndexControllerTest]: class path resource [com/boot/practice/springAwsExample/web/IndexControllerTest-context.xml] does not exist
23:17:01.081 [Test worker] DEBUG org.springframework.test.context.support.AbstractContextLoader - Did not detect default resource location for test class [com.boot.practice.springAwsExample.web.IndexControllerTest]: class path resource [com/boot/practice/springAwsExample/web/IndexControllerTestContext.groovy] does not exist
23:17:01.081 [Test worker] INFO org.springframework.test.context.support.AbstractContextLoader - Could not detect default resource locations for test class [com.boot.practice.springAwsExample.web.IndexControllerTest]: no resource found for suffixes {-context.xml, Context.groovy}.
23:17:01.082 [Test worker] INFO org.springframework.test.context.support.AnnotationConfigContextLoaderUtils - Could not detect default configuration classes for test class [com.boot.practice.springAwsExample.web.IndexControllerTest]: IndexControllerTest does not declare any static, non-private, non-final, nested classes annotated with @Configuration.
23:17:01.145 [Test worker] DEBUG org.springframework.test.context.support.ActiveProfilesUtils - Could not find an 'annotation declaring class' for annotation type [org.springframework.test.context.ActiveProfiles] and class [com.boot.practice.springAwsExample.web.IndexControllerTest]
23:17:01.310 [Test worker] DEBUG org.springframework.context.annotation.ClassPathScanningCandidateComponentProvider - Identified candidate component class: file [C:\Users\qhxma\Project\Spring_Project\springAwsExample\build\classes\java\main\com\boot\practice\springAwsExample\Application.class]
23:17:01.312 [Test worker] INFO org.springframework.boot.test.context.SpringBootTestContextBootstrapper - Found @SpringBootConfiguration com.boot.practice.springAwsExample.Application for test class com.boot.practice.springAwsExample.web.IndexControllerTest
23:17:01.445 [Test worker] DEBUG org.springframework.boot.test.context.SpringBootTestContextBootstrapper - @TestExecutionListeners is not present for class [com.boot.practice.springAwsExample.web.IndexControllerTest]: using defaults.
23:17:01.446 [Test worker] INFO org.springframework.boot.test.context.SpringBootTestContextBootstrapper - Loaded default TestExecutionListener class names from location [META-INF/spring.factories]: [org.springframework.boot.test.autoconfigure.restdocs.RestDocsTestExecutionListener, org.springframework.boot.test.autoconfigure.web.client.MockRestServiceServerResetTestExecutionListener, org.springframework.boot.test.autoconfigure.web.servlet.MockMvcPrintOnlyOnFailureTestExecutionListener, org.springframework.boot.test.autoconfigure.web.servlet.WebDriverTestExecutionListener, org.springframework.boot.test.mock.mockito.MockitoTestExecutionListener, org.springframework.boot.test.mock.mockito.ResetMocksTestExecutionListener, org.springframework.test.context.web.ServletTestExecutionListener, org.springframework.test.context.support.DirtiesContextBeforeModesTestExecutionListener, org.springframework.test.context.support.DependencyInjectionTestExecutionListener, org.springframework.test.context.support.DirtiesContextTestExecutionListener, org.springframework.test.context.transaction.TransactionalTestExecutionListener, org.springframework.test.context.jdbc.SqlScriptsTestExecutionListener]
23:17:01.471 [Test worker] INFO org.springframework.boot.test.context.SpringBootTestContextBootstrapper - Using TestExecutionListeners: [org.springframework.test.context.web.ServletTestExecutionListener@1c5cd2c1, org.springframework.test.context.support.DirtiesContextBeforeModesTestExecutionListener@22d30470, org.springframework.boot.test.mock.mockito.MockitoTestExecutionListener@595fe959, org.springframework.boot.test.autoconfigure.SpringBootDependencyInjectionTestExecutionListener@8595cb6, org.springframework.test.context.support.DirtiesContextTestExecutionListener@72695da6, org.springframework.test.context.transaction.TransactionalTestExecutionListener@4823271f, org.springframework.test.context.jdbc.SqlScriptsTestExecutionListener@6e900a63, org.springframework.boot.test.autoconfigure.restdocs.RestDocsTestExecutionListener@2c6e57eb, org.springframework.boot.test.autoconfigure.web.client.MockRestServiceServerResetTestExecutionListener@14d2bbad, org.springframework.boot.test.autoconfigure.web.servlet.MockMvcPrintOnlyOnFailureTestExecutionListener@45187df7, org.springframework.boot.test.autoconfigure.web.servlet.WebDriverTestExecutionListener@2b35b425, org.springframework.boot.test.mock.mockito.ResetMocksTestExecutionListener@75ba6fa7]
23:17:01.477 [Test worker] DEBUG org.springframework.test.annotation.ProfileValueUtils - Retrieved @ProfileValueSourceConfiguration [null] for test class [com.boot.practice.springAwsExample.web.IndexControllerTest]
23:17:01.484 [Test worker] DEBUG org.springframework.test.annotation.ProfileValueUtils - Retrieved ProfileValueSource type [class org.springframework.test.annotation.SystemProfileValueSource] for class [com.boot.practice.springAwsExample.web.IndexControllerTest]
23:17:01.502 [Test worker] DEBUG org.springframework.test.annotation.ProfileValueUtils - Retrieved @ProfileValueSourceConfiguration [null] for test class [com.boot.practice.springAwsExample.web.IndexControllerTest]
23:17:01.502 [Test worker] DEBUG org.springframework.test.annotation.ProfileValueUtils - Retrieved ProfileValueSource type [class org.springframework.test.annotation.SystemProfileValueSource] for class [com.boot.practice.springAwsExample.web.IndexControllerTest]
23:17:01.503 [Test worker] DEBUG org.springframework.test.annotation.ProfileValueUtils - Retrieved @ProfileValueSourceConfiguration [null] for test class [com.boot.practice.springAwsExample.web.IndexControllerTest]
23:17:01.503 [Test worker] DEBUG org.springframework.test.annotation.ProfileValueUtils - Retrieved ProfileValueSource type [class org.springframework.test.annotation.SystemProfileValueSource] for class [com.boot.practice.springAwsExample.web.IndexControllerTest]
23:17:01.508 [Test worker] DEBUG org.springframework.test.context.support.AbstractDirtiesContextTestExecutionListener - Before test class: context [DefaultTestContext@67b8eb8c testClass = IndexControllerTest, testInstance = [null], testMethod = [null], testException = [null], mergedContextConfiguration = [WebMergedContextConfiguration@7c3cdb9b testClass = IndexControllerTest, locations = '{}', classes = '{class com.boot.practice.springAwsExample.Application}', contextInitializerClasses = '[]', activeProfiles = '{}', propertySourceLocations = '{}', propertySourceProperties = '{org.springframework.boot.test.context.SpringBootTestContextBootstrapper=true, server.port=0}', contextCustomizers = set[org.springframework.boot.test.autoconfigure.properties.PropertyMappingContextCustomizer@0, org.springframework.boot.test.autoconfigure.web.servlet.WebDriverContextCustomizerFactory$Customizer@59e9c957, org.springframework.boot.test.context.filter.ExcludeFilterContextCustomizer@1e7c98b8, org.springframework.boot.test.json.DuplicateJsonObjectContextCustomizerFactory$DuplicateJsonObjectContextCustomizer@4bd4abd2, org.springframework.boot.test.mock.mockito.MockitoContextCustomizer@0, org.springframework.boot.test.web.client.TestRestTemplateContextCustomizer@613d72b9], resourceBasePath = 'src/main/webapp', contextLoader = 'org.springframework.boot.test.context.SpringBootContextLoader', parent = [null]], attributes = map['org.springframework.test.context.web.ServletTestExecutionListener.activateListener' -> false]], class annotated with @DirtiesContext [false] with mode [null].
23:17:01.509 [Test worker] DEBUG org.springframework.test.annotation.ProfileValueUtils - Retrieved @ProfileValueSourceConfiguration [null] for test class [com.boot.practice.springAwsExample.web.IndexControllerTest]
23:17:01.509 [Test worker] DEBUG org.springframework.test.annotation.ProfileValueUtils - Retrieved ProfileValueSource type [class org.springframework.test.annotation.SystemProfileValueSource] for class [com.boot.practice.springAwsExample.web.IndexControllerTest]
23:17:01.516 [Test worker] DEBUG org.springframework.test.context.support.DependencyInjectionTestExecutionListener - Performing dependency injection for test context [[DefaultTestContext@67b8eb8c testClass = IndexControllerTest, testInstance = com.boot.practice.springAwsExample.web.IndexControllerTest@4b7d4655, testMethod = [null], testException = [null], mergedContextConfiguration = [WebMergedContextConfiguration@7c3cdb9b testClass = IndexControllerTest, locations = '{}', classes = '{class com.boot.practice.springAwsExample.Application}', contextInitializerClasses = '[]', activeProfiles = '{}', propertySourceLocations = '{}', propertySourceProperties = '{org.springframework.boot.test.context.SpringBootTestContextBootstrapper=true, server.port=0}', contextCustomizers = set[org.springframework.boot.test.autoconfigure.properties.PropertyMappingContextCustomizer@0, org.springframework.boot.test.autoconfigure.web.servlet.WebDriverContextCustomizerFactory$Customizer@59e9c957, org.springframework.boot.test.context.filter.ExcludeFilterContextCustomizer@1e7c98b8, org.springframework.boot.test.json.DuplicateJsonObjectContextCustomizerFactory$DuplicateJsonObjectContextCustomizer@4bd4abd2, org.springframework.boot.test.mock.mockito.MockitoContextCustomizer@0, org.springframework.boot.test.web.client.TestRestTemplateContextCustomizer@613d72b9], resourceBasePath = 'src/main/webapp', contextLoader = 'org.springframework.boot.test.context.SpringBootContextLoader', parent = [null]], attributes = map['org.springframework.test.context.web.ServletTestExecutionListener.activateListener' -> false]]].
23:17:01.539 [Test worker] DEBUG org.springframework.test.context.support.TestPropertySourceUtils - Adding inlined properties to environment: {spring.jmx.enabled=false, org.springframework.boot.test.context.SpringBootTestContextBootstrapper=true, server.port=0}

  .   ____          _            __ _ _
 /\\ / ___'_ __ _ _(_)_ __  __ _ \ \ \ \
( ( )\___ | '_ | '_| | '_ \/ _` | \ \ \ \
 \\/  ___)| |_)| | | | | || (_| |  ) ) ) )
  '  |____| .__|_| |_|_| |_\__, | / / / /
 =========|_|==============|___/=/_/_/_/
 :: Spring Boot ::        (v2.1.7.RELEASE)

2021-05-18 23:17:02.011  INFO 3208 --- [    Test worker] c.b.p.s.web.IndexControllerTest          : Starting IndexControllerTest on DESKTOP-N959E0E with PID 3208 (started by qhxma in C:\Users\qhxma\Project\Spring_Project\springAwsExample)
2021-05-18 23:17:02.012  INFO 3208 --- [    Test worker] c.b.p.s.web.IndexControllerTest          : No active profile set, falling back to default profiles: default
2021-05-18 23:17:03.158  INFO 3208 --- [    Test worker] .s.d.r.c.RepositoryConfigurationDelegate : Bootstrapping Spring Data repositories in DEFAULT mode.
2021-05-18 23:17:03.266  INFO 3208 --- [    Test worker] .s.d.r.c.RepositoryConfigurationDelegate : Finished Spring Data repository scanning in 98ms. Found 1 repository interfaces.
2021-05-18 23:17:03.848  INFO 3208 --- [    Test worker] trationDelegate$BeanPostProcessorChecker : Bean 'org.springframework.transaction.annotation.ProxyTransactionManagementConfiguration' of type [org.springframework.transaction.annotation.ProxyTransactionManagementConfiguration$$EnhancerBySpringCGLIB$$1748c029] is not eligible for getting processed by all BeanPostProcessors (for example: not eligible for auto-proxying)
2021-05-18 23:17:04.504  INFO 3208 --- [    Test worker] o.s.b.w.embedded.tomcat.TomcatWebServer  : Tomcat initialized with port(s): 0 (http)
2021-05-18 23:17:04.552  INFO 3208 --- [    Test worker] o.apache.catalina.core.StandardService   : Starting service [Tomcat]
2021-05-18 23:17:04.552  INFO 3208 --- [    Test worker] org.apache.catalina.core.StandardEngine  : Starting Servlet engine: [Apache Tomcat/9.0.22]
2021-05-18 23:17:04.851  INFO 3208 --- [    Test worker] o.a.c.c.C.[Tomcat].[localhost].[/]       : Initializing Spring embedded WebApplicationContext
2021-05-18 23:17:04.851  INFO 3208 --- [    Test worker] o.s.web.context.ContextLoader            : Root WebApplicationContext: initialization completed in 2810 ms
2021-05-18 23:17:05.350  INFO 3208 --- [    Test worker] com.zaxxer.hikari.HikariDataSource       : HikariPool-1 - Starting...
2021-05-18 23:17:05.666  INFO 3208 --- [    Test worker] com.zaxxer.hikari.HikariDataSource       : HikariPool-1 - Start completed.
2021-05-18 23:17:05.828  INFO 3208 --- [    Test worker] o.hibernate.jpa.internal.util.LogHelper  : HHH000204: Processing PersistenceUnitInfo [
	name: default
	...]
2021-05-18 23:17:05.963  INFO 3208 --- [    Test worker] org.hibernate.Version                    : HHH000412: Hibernate Core {5.3.10.Final}
2021-05-18 23:17:05.966  INFO 3208 --- [    Test worker] org.hibernate.cfg.Environment            : HHH000206: hibernate.properties not found
2021-05-18 23:17:06.221  INFO 3208 --- [    Test worker] o.hibernate.annotations.common.Version   : HCANN000001: Hibernate Commons Annotations {5.0.4.Final}
2021-05-18 23:17:06.547  INFO 3208 --- [    Test worker] org.hibernate.dialect.Dialect            : HHH000400: Using dialect: org.hibernate.dialect.MySQL5InnoDBDialect
Hibernate: drop table if exists posts
Hibernate: create table posts (id bigint not null auto_increment, create_date datetime, modified_date datetime, author varchar(255), content TEXT not null, title varchar(500) not null, primary key (id)) engine=InnoDB
2021-05-18 23:17:07.530  INFO 3208 --- [    Test worker] o.h.t.schema.internal.SchemaCreatorImpl  : HHH000476: Executing import script 'org.hibernate.tool.schema.internal.exec.ScriptSourceInputNonExistentImpl@100a1581'
2021-05-18 23:17:07.535  INFO 3208 --- [    Test worker] j.LocalContainerEntityManagerFactoryBean : Initialized JPA EntityManagerFactory for persistence unit 'default'
2021-05-18 23:17:08.665  INFO 3208 --- [    Test worker] o.s.s.concurrent.ThreadPoolTaskExecutor  : Initializing ExecutorService 'applicationTaskExecutor'
2021-05-18 23:17:08.763  WARN 3208 --- [    Test worker] aWebConfiguration$JpaWebMvcConfiguration : spring.jpa.open-in-view is enabled by default. Therefore, database queries may be performed during view rendering. Explicitly configure spring.jpa.open-in-view to disable this warning
2021-05-18 23:17:08.838  INFO 3208 --- [    Test worker] o.s.b.a.w.s.WelcomePageHandlerMapping    : Adding welcome page template: index
2021-05-18 23:17:09.389  INFO 3208 --- [    Test worker] o.s.b.w.embedded.tomcat.TomcatWebServer  : Tomcat started on port(s): 5180 (http) with context path ''
2021-05-18 23:17:09.395  INFO 3208 --- [    Test worker] c.b.p.s.web.IndexControllerTest          : Started IndexControllerTest in 7.852 seconds (JVM running for 11.297)
2021-05-18 23:17:09.704  INFO 3208 --- [o-auto-1-exec-1] o.a.c.c.C.[Tomcat].[localhost].[/]       : Initializing Spring DispatcherServlet 'dispatcherServlet'
2021-05-18 23:17:09.705  INFO 3208 --- [o-auto-1-exec-1] o.s.web.servlet.DispatcherServlet        : Initializing Servlet 'dispatcherServlet'
2021-05-18 23:17:09.741  INFO 3208 --- [o-auto-1-exec-1] o.s.web.servlet.DispatcherServlet        : Completed initialization in 35 ms
]]></system-out>
  <system-err><![CDATA[]]></system-err>
</testsuite>
